-------------------------------------------------------------------------------
Test set: DbConnectionTest
-------------------------------------------------------------------------------
Tests run: 5, Failures: 0, Errors: 5, Skipped: 0, Time elapsed: 22.913 sec <<< FAILURE!
getClientes1(DbConnectionTest)  Time elapsed: 0.001 sec  <<< ERROR!
java.lang.StackOverflowError
	at org.h2.message.DbException.convert(DbException.java:296)
	at org.h2.command.Command.executeQuery(Command.java:216)
	at org.h2.jdbc.JdbcPreparedStatement.executeQuery(JdbcPreparedStatement.java:114)
	at org.h2.jdbc.JdbcDatabaseMetaData.getTables(JdbcDatabaseMetaData.java:224)
	at pucrs.gcs.cdl.persistence.DbConnection.tableExists(DbConnection.java:48)
	at pucrs.gcs.cdl.persistence.DbConnection.open(DbConnection.java:37)
	at pucrs.gcs.cdl.persistence.DbConnection.queryInsert(DbConnection.java:185)
	at pucrs.gcs.cdl.persistence.DbConnection.createTable(DbConnection.java:53)
	at pucrs.gcs.cdl.persistence.DbConnection.open(DbConnection.java:38)
	at pucrs.gcs.cdl.persistence.DbConnection.queryInsert(DbConnection.java:185)
	at pucrs.gcs.cdl.persistence.DbConnection.createTable(DbConnection.java:53)
	at pucrs.gcs.cdl.persistence.DbConnection.open(DbConnection.java:38)
	at pucrs.gcs.cdl.persistence.DbConnection.queryInsert(DbConnection.java:185)
	at pucrs.gcs.cdl.persistence.DbConnection.createTable(DbConnection.java:53)
	at pucrs.gcs.cdl.persistence.DbConnection.open(DbConnection.java:38)
	at pucrs.gcs.cdl.persistence.DbConnection.queryInsert(DbConnection.java:185)
	at pucrs.gcs.cdl.persistence.DbConnection.createTable(DbConnection.java:53)
	at pucrs.gcs.cdl.persistence.DbConnection.open(DbConnection.java:38)
	at pucrs.gcs.cdl.persistence.DbConnection.queryInsert(DbConnection.java:185)
	at pucrs.gcs.cdl.persistence.DbConnection.createTable(DbConnection.java:53)
	at pucrs.gcs.cdl.persistence.DbConnection.open(DbConnection.java:38)
	at pucrs.gcs.cdl.persistence.DbConnection.queryInsert(DbConnection.java:185)
	at pucrs.gcs.cdl.persistence.DbConnection.createTable(DbConnection.java:53)
	at pucrs.gcs.cdl.persistence.DbConnection.open(DbConnection.java:38)
	at pucrs.gcs.cdl.persistence.DbConnection.queryInsert(DbConnection.java:185)
	at pucrs.gcs.cdl.persistence.DbConnection.createTable(DbConnection.java:53)
	at pucrs.gcs.cdl.persistence.DbConnection.open(DbConnection.java:38)
	at pucrs.gcs.cdl.persistence.DbConnection.queryInsert(DbConnection.java:185)
	at pucrs.gcs.cdl.persistence.DbConnection.createTable(DbConnection.java:53)
	at pucrs.gcs.cdl.persistence.DbConnection.open(DbConnection.java:38)
	at pucrs.gcs.cdl.persistence.DbConnection.queryInsert(DbConnection.java:185)
	at pucrs.gcs.cdl.persistence.DbConnection.createTable(DbConnection.java:53)
	at pucrs.gcs.cdl.persistence.DbConnection.open(DbConnection.java:38)
	at pucrs.gcs.cdl.persistence.DbConnection.queryInsert(DbConnection.java:185)
	at pucrs.gcs.cdl.persistence.DbConnection.createTable(DbConnection.java:53)
	at pucrs.gcs.cdl.persistence.DbConnection.open(DbConnection.java:38)
	at pucrs.gcs.cdl.persistence.DbConnection.queryInsert(DbConnection.java:185)
	at pucrs.gcs.cdl.persistence.DbConnection.createTable(DbConnection.java:53)
	at pucrs.gcs.cdl.persistence.DbConnection.open(DbConnection.java:38)
	at pucrs.gcs.cdl.persistence.DbConnection.queryInsert(DbConnection.java:185)
	at pucrs.gcs.cdl.persistence.DbConnection.createTable(DbConnection.java:53)
	at pucrs.gcs.cdl.persistence.DbConnection.open(DbConnection.java:38)
	at pucrs.gcs.cdl.persistence.DbConnection.queryInsert(DbConnection.java:185)
	at pucrs.gcs.cdl.persistence.DbConnection.createTable(DbConnection.java:53)
	at pucrs.gcs.cdl.persistence.DbConnection.open(DbConnection.java:38)
	at pucrs.gcs.cdl.persistence.DbConnection.queryInsert(DbConnection.java:185)
	at pucrs.gcs.cdl.persistence.DbConnection.createTable(DbConnection.java:53)
	at pucrs.gcs.cdl.persistence.DbConnection.open(DbConnection.java:38)
	at pucrs.gcs.cdl.persistence.DbConnection.queryInsert(DbConnection.java:185)
	at pucrs.gcs.cdl.persistence.DbConnection.createTable(DbConnection.java:53)
	at pucrs.gcs.cdl.persistence.DbConnection.open(DbConnection.java:38)
	at pucrs.gcs.cdl.persistence.DbConnection.queryInsert(DbConnection.java:185)
	at pucrs.gcs.cdl.persistence.DbConnection.createTable(DbConnection.java:53)
	at pucrs.gcs.cdl.persistence.DbConnection.open(DbConnection.java:38)
	at pucrs.gcs.cdl.persistence.DbConnection.queryInsert(DbConnection.java:185)
	at pucrs.gcs.cdl.persistence.DbConnection.createTable(DbConnection.java:53)
	at pucrs.gcs.cdl.persistence.DbConnection.open(DbConnection.java:38)
	at pucrs.gcs.cdl.persistence.DbConnection.queryInsert(DbConnection.java:185)
	at pucrs.gcs.cdl.persistence.DbConnection.createTable(DbConnection.java:53)
	at pucrs.gcs.cdl.persistence.DbConnection.open(DbConnection.java:38)
	at pucrs.gcs.cdl.persistence.DbConnection.queryInsert(DbConnection.java:185)
	at pucrs.gcs.cdl.persistence.DbConnection.createTable(DbConnection.java:53)
	at pucrs.gcs.cdl.persistence.DbConnection.open(DbConnection.java:38)
	at pucrs.gcs.cdl.persistence.DbConnection.queryInsert(DbConnection.java:185)
	at pucrs.gcs.cdl.persistence.DbConnection.createTable(DbConnection.java:53)
	at pucrs.gcs.cdl.persistence.DbConnection.open(DbConnection.java:38)
	at pucrs.gcs.cdl.persistence.DbConnection.queryInsert(DbConnection.java:185)
	at pucrs.gcs.cdl.persistence.DbConnection.createTable(DbConnection.java:53)
	at pucrs.gcs.cdl.persistence.DbConnection.open(DbConnection.java:38)
	at pucrs.gcs.cdl.persistence.DbConnection.queryInsert(DbConnection.java:185)
	at pucrs.gcs.cdl.persistence.DbConnection.createTable(DbConnection.java:53)
	at pucrs.gcs.cdl.persistence.DbConnection.open(DbConnection.java:38)
	at pucrs.gcs.cdl.persistence.DbConnection.queryInsert(DbConnection.java:185)
	at pucrs.gcs.cdl.persistence.DbConnection.createTable(DbConnection.java:53)
	at pucrs.gcs.cdl.persistence.DbConnection.open(DbConnection.java:38)
	at pucrs.gcs.cdl.persistence.DbConnection.queryInsert(DbConnection.java:185)
	at pucrs.gcs.cdl.persistence.DbConnection.createTable(DbConnection.java:53)
	at pucrs.gcs.cdl.persistence.DbConnection.open(DbConnection.java:38)
	at pucrs.gcs.cdl.persistence.DbConnection.queryInsert(DbConnection.java:185)
	at pucrs.gcs.cdl.persistence.DbConnection.createTable(DbConnection.java:53)
	at pucrs.gcs.cdl.persistence.DbConnection.open(DbConnection.java:38)
	at pucrs.gcs.cdl.persistence.DbConnection.queryInsert(DbConnection.java:185)
	at pucrs.gcs.cdl.persistence.DbConnection.createTable(DbConnection.java:53)
	at pucrs.gcs.cdl.persistence.DbConnection.open(DbConnection.java:38)
	at pucrs.gcs.cdl.persistence.DbConnection.queryInsert(DbConnection.java:185)
	at pucrs.gcs.cdl.persistence.DbConnection.createTable(DbConnection.java:53)
	at pucrs.gcs.cdl.persistence.DbConnection.open(DbConnection.java:38)
	at pucrs.gcs.cdl.persistence.DbConnection.queryInsert(DbConnection.java:185)
	at pucrs.gcs.cdl.persistence.DbConnection.createTable(DbConnection.java:53)
	at pucrs.gcs.cdl.persistence.DbConnection.open(DbConnection.java:38)
	at pucrs.gcs.cdl.persistence.DbConnection.queryInsert(DbConnection.java:185)
	at pucrs.gcs.cdl.persistence.DbConnection.createTable(DbConnection.java:53)
	at pucrs.gcs.cdl.persistence.DbConnection.open(DbConnection.java:38)
	at pucrs.gcs.cdl.persistence.DbConnection.queryInsert(DbConnection.java:185)
	at pucrs.gcs.cdl.persistence.DbConnection.createTable(DbConnection.java:53)
	at pucrs.gcs.cdl.persistence.DbConnection.open(DbConnection.java:38)
	at pucrs.gcs.cdl.persistence.DbConnection.queryInsert(DbConnection.java:185)
	at pucrs.gcs.cdl.persistence.DbConnection.createTable(DbConnection.java:53)
	at pucrs.gcs.cdl.persistence.DbConnection.open(DbConnection.java:38)
	at pucrs.gcs.cdl.persistence.DbConnection.queryInsert(DbConnection.java:185)
	at pucrs.gcs.cdl.persistence.DbConnection.createTable(DbConnection.java:53)
	at pucrs.gcs.cdl.persistence.DbConnection.open(DbConnection.java:38)
	at pucrs.gcs.cdl.persistence.DbConnection.queryInsert(DbConnection.java:185)
	at pucrs.gcs.cdl.persistence.DbConnection.createTable(DbConnection.java:53)
	at pucrs.gcs.cdl.persistence.DbConnection.open(DbConnection.java:38)
	at pucrs.gcs.cdl.persistence.DbConnection.queryInsert(DbConnection.java:185)
	at pucrs.gcs.cdl.persistence.DbConnection.createTable(DbConnection.java:53)
	at pucrs.gcs.cdl.persistence.DbConnection.open(DbConnection.java:38)
	at pucrs.gcs.cdl.persistence.DbConnection.queryInsert(DbConnection.java:185)
	at pucrs.gcs.cdl.persistence.DbConnection.createTable(DbConnection.java:53)
	at pucrs.gcs.cdl.persistence.DbConnection.open(DbConnection.java:38)
	at pucrs.gcs.cdl.persistence.DbConnection.queryInsert(DbConnection.java:185)
	at pucrs.gcs.cdl.persistence.DbConnection.createTable(DbConnection.java:53)
	at pucrs.gcs.cdl.persistence.DbConnection.open(DbConnection.java:38)
	at pucrs.gcs.cdl.persistence.DbConnection.queryInsert(DbConnection.java:185)
	at pucrs.gcs.cdl.persistence.DbConnection.createTable(DbConnection.java:53)
	at pucrs.gcs.cdl.persistence.DbConnection.open(DbConnection.java:38)
	at pucrs.gcs.cdl.persistence.DbConnection.queryInsert(DbConnection.java:185)
	at pucrs.gcs.cdl.persistence.DbConnection.createTable(DbConnection.java:53)
	at pucrs.gcs.cdl.persistence.DbConnection.open(DbConnection.java:38)
	at pucrs.gcs.cdl.persistence.DbConnection.queryInsert(DbConnection.java:185)
	at pucrs.gcs.cdl.persistence.DbConnection.createTable(DbConnection.java:53)
	at pucrs.gcs.cdl.persistence.DbConnection.open(DbConnection.java:38)
	at pucrs.gcs.cdl.persistence.DbConnection.queryInsert(DbConnection.java:185)
	at pucrs.gcs.cdl.persistence.DbConnection.createTable(DbConnection.java:53)
	at pucrs.gcs.cdl.persistence.DbConnection.open(DbConnection.java:38)
	at pucrs.gcs.cdl.persistence.DbConnection.queryInsert(DbConnection.java:185)
	at pucrs.gcs.cdl.persistence.DbConnection.createTable(DbConnection.java:53)
	at pucrs.gcs.cdl.persistence.DbConnection.open(DbConnection.java:38)
	at pucrs.gcs.cdl.persistence.DbConnection.queryInsert(DbConnection.java:185)
	at pucrs.gcs.cdl.persistence.DbConnection.createTable(DbConnection.java:53)
	at pucrs.gcs.cdl.persistence.DbConnection.open(DbConnection.java:38)
	at pucrs.gcs.cdl.persistence.DbConnection.queryInsert(DbConnection.java:185)
	at pucrs.gcs.cdl.persistence.DbConnection.createTable(DbConnection.java:53)
	at pucrs.gcs.cdl.persistence.DbConnection.open(DbConnection.java:38)
	at pucrs.gcs.cdl.persistence.DbConnection.queryInsert(DbConnection.java:185)
	at pucrs.gcs.cdl.persistence.DbConnection.createTable(DbConnection.java:53)
	at pucrs.gcs.cdl.persistence.DbConnection.open(DbConnection.java:38)
	at pucrs.gcs.cdl.persistence.DbConnection.queryInsert(DbConnection.java:185)
	at pucrs.gcs.cdl.persistence.DbConnection.createTable(DbConnection.java:53)
	at pucrs.gcs.cdl.persistence.DbConnection.open(DbConnection.java:38)
	at pucrs.gcs.cdl.persistence.DbConnection.queryInsert(DbConnection.java:185)
	at pucrs.gcs.cdl.persistence.DbConnection.createTable(DbConnection.java:53)
	at pucrs.gcs.cdl.persistence.DbConnection.open(DbConnection.java:38)
	at pucrs.gcs.cdl.persistence.DbConnection.queryInsert(DbConnection.java:185)
	at pucrs.gcs.cdl.persistence.DbConnection.createTable(DbConnection.java:53)
	at pucrs.gcs.cdl.persistence.DbConnection.open(DbConnection.java:38)
	at pucrs.gcs.cdl.persistence.DbConnection.queryInsert(DbConnection.java:185)
	at pucrs.gcs.cdl.persistence.DbConnection.createTable(DbConnection.java:53)
	at pucrs.gcs.cdl.persistence.DbConnection.open(DbConnection.java:38)
	at pucrs.gcs.cdl.persistence.DbConnection.queryInsert(DbConnection.java:185)
	at pucrs.gcs.cdl.persistence.DbConnection.createTable(DbConnection.java:53)
	at pucrs.gcs.cdl.persistence.DbConnection.open(DbConnection.java:38)
	at pucrs.gcs.cdl.persistence.DbConnection.queryInsert(DbConnection.java:185)
	at pucrs.gcs.cdl.persistence.DbConnection.createTable(DbConnection.java:53)
	at pucrs.gcs.cdl.persistence.DbConnection.open(DbConnection.java:38)
	at pucrs.gcs.cdl.persistence.DbConnection.queryInsert(DbConnection.java:185)
	at pucrs.gcs.cdl.persistence.DbConnection.createTable(DbConnection.java:53)
	at pucrs.gcs.cdl.persistence.DbConnection.open(DbConnection.java:38)
	at pucrs.gcs.cdl.persistence.DbConnection.queryInsert(DbConnection.java:185)
	at pucrs.gcs.cdl.persistence.DbConnection.createTable(DbConnection.java:53)
	at pucrs.gcs.cdl.persistence.DbConnection.open(DbConnection.java:38)
	at pucrs.gcs.cdl.persistence.DbConnection.queryInsert(DbConnection.java:185)
	at pucrs.gcs.cdl.persistence.DbConnection.createTable(DbConnection.java:53)
	at pucrs.gcs.cdl.persistence.DbConnection.open(DbConnection.java:38)
	at pucrs.gcs.cdl.persistence.DbConnection.queryInsert(DbConnection.java:185)
	at pucrs.gcs.cdl.persistence.DbConnection.createTable(DbConnection.java:53)
	at pucrs.gcs.cdl.persistence.DbConnection.open(DbConnection.java:38)
	at pucrs.gcs.cdl.persistence.DbConnection.queryInsert(DbConnection.java:185)
	at pucrs.gcs.cdl.persistence.DbConnection.createTable(DbConnection.java:53)
	at pucrs.gcs.cdl.persistence.DbConnection.open(DbConnection.java:38)
	at pucrs.gcs.cdl.persistence.DbConnection.queryInsert(DbConnection.java:185)
	at pucrs.gcs.cdl.persistence.DbConnection.createTable(DbConnection.java:53)
	at pucrs.gcs.cdl.persistence.DbConnection.open(DbConnection.java:38)
	at pucrs.gcs.cdl.persistence.DbConnection.queryInsert(DbConnection.java:185)
	at pucrs.gcs.cdl.persistence.DbConnection.createTable(DbConnection.java:53)
	at pucrs.gcs.cdl.persistence.DbConnection.open(DbConnection.java:38)
	at pucrs.gcs.cdl.persistence.DbConnection.queryInsert(DbConnection.java:185)
	at pucrs.gcs.cdl.persistence.DbConnection.createTable(DbConnection.java:53)
	at pucrs.gcs.cdl.persistence.DbConnection.open(DbConnection.java:38)
	at pucrs.gcs.cdl.persistence.DbConnection.queryInsert(DbConnection.java:185)
	at pucrs.gcs.cdl.persistence.DbConnection.createTable(DbConnection.java:53)
	at pucrs.gcs.cdl.persistence.DbConnection.open(DbConnection.java:38)
	at pucrs.gcs.cdl.persistence.DbConnection.queryInsert(DbConnection.java:185)
	at pucrs.gcs.cdl.persistence.DbConnection.createTable(DbConnection.java:53)
	at pucrs.gcs.cdl.persistence.DbConnection.open(DbConnection.java:38)
	at pucrs.gcs.cdl.persistence.DbConnection.queryInsert(DbConnection.java:185)
	at pucrs.gcs.cdl.persistence.DbConnection.createTable(DbConnection.java:53)
	at pucrs.gcs.cdl.persistence.DbConnection.open(DbConnection.java:38)
	at pucrs.gcs.cdl.persistence.DbConnection.queryInsert(DbConnection.java:185)
	at pucrs.gcs.cdl.persistence.DbConnection.createTable(DbConnection.java:53)
	at pucrs.gcs.cdl.persistence.DbConnection.open(DbConnection.java:38)
	at pucrs.gcs.cdl.persistence.DbConnection.queryInsert(DbConnection.java:185)
	at pucrs.gcs.cdl.persistence.DbConnection.createTable(DbConnection.java:53)
	at pucrs.gcs.cdl.persistence.DbConnection.open(DbConnection.java:38)
	at pucrs.gcs.cdl.persistence.DbConnection.queryInsert(DbConnection.java:185)
	at pucrs.gcs.cdl.persistence.DbConnection.createTable(DbConnection.java:53)
	at pucrs.gcs.cdl.persistence.DbConnection.open(DbConnection.java:38)
	at pucrs.gcs.cdl.persistence.DbConnection.queryInsert(DbConnection.java:185)
	at pucrs.gcs.cdl.persistence.DbConnection.createTable(DbConnection.java:53)
	at pucrs.gcs.cdl.persistence.DbConnection.open(DbConnection.java:38)
	at pucrs.gcs.cdl.persistence.DbConnection.queryInsert(DbConnection.java:185)
	at pucrs.gcs.cdl.persistence.DbConnection.createTable(DbConnection.java:53)
	at pucrs.gcs.cdl.persistence.DbConnection.open(DbConnection.java:38)
	at pucrs.gcs.cdl.persistence.DbConnection.queryInsert(DbConnection.java:185)
	at pucrs.gcs.cdl.persistence.DbConnection.createTable(DbConnection.java:53)
	at pucrs.gcs.cdl.persistence.DbConnection.open(DbConnection.java:38)
	at pucrs.gcs.cdl.persistence.DbConnection.queryInsert(DbConnection.java:185)
	at pucrs.gcs.cdl.persistence.DbConnection.createTable(DbConnection.java:53)
	at pucrs.gcs.cdl.persistence.DbConnection.open(DbConnection.java:38)
	at pucrs.gcs.cdl.persistence.DbConnection.queryInsert(DbConnection.java:185)
	at pucrs.gcs.cdl.persistence.DbConnection.createTable(DbConnection.java:53)
	at pucrs.gcs.cdl.persistence.DbConnection.open(DbConnection.java:38)
	at pucrs.gcs.cdl.persistence.DbConnection.queryInsert(DbConnection.java:185)
	at pucrs.gcs.cdl.persistence.DbConnection.createTable(DbConnection.java:53)
	at pucrs.gcs.cdl.persistence.DbConnection.open(DbConnection.java:38)
	at pucrs.gcs.cdl.persistence.DbConnection.queryInsert(DbConnection.java:185)
	at pucrs.gcs.cdl.persistence.DbConnection.createTable(DbConnection.java:53)
	at pucrs.gcs.cdl.persistence.DbConnection.open(DbConnection.java:38)
	at pucrs.gcs.cdl.persistence.DbConnection.queryInsert(DbConnection.java:185)
	at pucrs.gcs.cdl.persistence.DbConnection.createTable(DbConnection.java:53)
	at pucrs.gcs.cdl.persistence.DbConnection.open(DbConnection.java:38)
	at pucrs.gcs.cdl.persistence.DbConnection.queryInsert(DbConnection.java:185)
	at pucrs.gcs.cdl.persistence.DbConnection.createTable(DbConnection.java:53)
	at pucrs.gcs.cdl.persistence.DbConnection.open(DbConnection.java:38)
	at pucrs.gcs.cdl.persistence.DbConnection.queryInsert(DbConnection.java:185)
	at pucrs.gcs.cdl.persistence.DbConnection.createTable(DbConnection.java:53)
	at pucrs.gcs.cdl.persistence.DbConnection.open(DbConnection.java:38)
	at pucrs.gcs.cdl.persistence.DbConnection.queryInsert(DbConnection.java:185)
	at pucrs.gcs.cdl.persistence.DbConnection.createTable(DbConnection.java:53)
	at pucrs.gcs.cdl.persistence.DbConnection.open(DbConnection.java:38)
	at pucrs.gcs.cdl.persistence.DbConnection.queryInsert(DbConnection.java:185)
	at pucrs.gcs.cdl.persistence.DbConnection.createTable(DbConnection.java:53)
	at pucrs.gcs.cdl.persistence.DbConnection.open(DbConnection.java:38)
	at pucrs.gcs.cdl.persistence.DbConnection.queryInsert(DbConnection.java:185)
	at pucrs.gcs.cdl.persistence.DbConnection.createTable(DbConnection.java:53)
	at pucrs.gcs.cdl.persistence.DbConnection.open(DbConnection.java:38)
	at pucrs.gcs.cdl.persistence.DbConnection.queryInsert(DbConnection.java:185)
	at pucrs.gcs.cdl.persistence.DbConnection.createTable(DbConnection.java:53)
	at pucrs.gcs.cdl.persistence.DbConnection.open(DbConnection.java:38)
	at pucrs.gcs.cdl.persistence.DbConnection.queryInsert(DbConnection.java:185)
	at pucrs.gcs.cdl.persistence.DbConnection.createTable(DbConnection.java:53)
	at pucrs.gcs.cdl.persistence.DbConnection.open(DbConnection.java:38)
	at pucrs.gcs.cdl.persistence.DbConnection.queryInsert(DbConnection.java:185)
	at pucrs.gcs.cdl.persistence.DbConnection.createTable(DbConnection.java:53)
	at pucrs.gcs.cdl.persistence.DbConnection.open(DbConnection.java:38)
	at pucrs.gcs.cdl.persistence.DbConnection.queryInsert(DbConnection.java:185)
	at pucrs.gcs.cdl.persistence.DbConnection.createTable(DbConnection.java:53)
	at pucrs.gcs.cdl.persistence.DbConnection.open(DbConnection.java:38)
	at pucrs.gcs.cdl.persistence.DbConnection.queryInsert(DbConnection.java:185)
	at pucrs.gcs.cdl.persistence.DbConnection.createTable(DbConnection.java:53)
	at pucrs.gcs.cdl.persistence.DbConnection.open(DbConnection.java:38)
	at pucrs.gcs.cdl.persistence.DbConnection.queryInsert(DbConnection.java:185)
	at pucrs.gcs.cdl.persistence.DbConnection.createTable(DbConnection.java:53)
	at pucrs.gcs.cdl.persistence.DbConnection.open(DbConnection.java:38)
	at pucrs.gcs.cdl.persistence.DbConnection.queryInsert(DbConnection.java:185)
	at pucrs.gcs.cdl.persistence.DbConnection.createTable(DbConnection.java:53)
	at pucrs.gcs.cdl.persistence.DbConnection.open(DbConnection.java:38)
	at pucrs.gcs.cdl.persistence.DbConnection.queryInsert(DbConnection.java:185)
	at pucrs.gcs.cdl.persistence.DbConnection.createTable(DbConnection.java:53)
	at pucrs.gcs.cdl.persistence.DbConnection.open(DbConnection.java:38)
	at pucrs.gcs.cdl.persistence.DbConnection.queryInsert(DbConnection.java:185)
	at pucrs.gcs.cdl.persistence.DbConnection.createTable(DbConnection.java:53)
	at pucrs.gcs.cdl.persistence.DbConnection.open(DbConnection.java:38)
	at pucrs.gcs.cdl.persistence.DbConnection.queryInsert(DbConnection.java:185)
	at pucrs.gcs.cdl.persistence.DbConnection.createTable(DbConnection.java:53)
	at pucrs.gcs.cdl.persistence.DbConnection.open(DbConnection.java:38)
	at pucrs.gcs.cdl.persistence.DbConnection.queryInsert(DbConnection.java:185)
	at pucrs.gcs.cdl.persistence.DbConnection.createTable(DbConnection.java:53)
	at pucrs.gcs.cdl.persistence.DbConnection.open(DbConnection.java:38)
	at pucrs.gcs.cdl.persistence.DbConnection.queryInsert(DbConnection.java:185)
	at pucrs.gcs.cdl.persistence.DbConnection.createTable(DbConnection.java:53)
	at pucrs.gcs.cdl.persistence.DbConnection.open(DbConnection.java:38)
	at pucrs.gcs.cdl.persistence.DbConnection.queryInsert(DbConnection.java:185)
	at pucrs.gcs.cdl.persistence.DbConnection.createTable(DbConnection.java:53)
	at pucrs.gcs.cdl.persistence.DbConnection.open(DbConnection.java:38)
	at pucrs.gcs.cdl.persistence.DbConnection.queryInsert(DbConnection.java:185)
	at pucrs.gcs.cdl.persistence.DbConnection.createTable(DbConnection.java:53)
	at pucrs.gcs.cdl.persistence.DbConnection.open(DbConnection.java:38)
	at pucrs.gcs.cdl.persistence.DbConnection.queryInsert(DbConnection.java:185)
	at pucrs.gcs.cdl.persistence.DbConnection.createTable(DbConnection.java:53)
	at pucrs.gcs.cdl.persistence.DbConnection.open(DbConnection.java:38)
	at pucrs.gcs.cdl.persistence.DbConnection.queryInsert(DbConnection.java:185)
	at pucrs.gcs.cdl.persistence.DbConnection.createTable(DbConnection.java:53)
	at pucrs.gcs.cdl.persistence.DbConnection.open(DbConnection.java:38)
	at pucrs.gcs.cdl.persistence.DbConnection.queryInsert(DbConnection.java:185)
	at pucrs.gcs.cdl.persistence.DbConnection.createTable(DbConnection.java:53)
	at pucrs.gcs.cdl.persistence.DbConnection.open(DbConnection.java:38)
	at pucrs.gcs.cdl.persistence.DbConnection.queryInsert(DbConnection.java:185)
	at pucrs.gcs.cdl.persistence.DbConnection.createTable(DbConnection.java:53)
	at pucrs.gcs.cdl.persistence.DbConnection.open(DbConnection.java:38)
	at pucrs.gcs.cdl.persistence.DbConnection.queryInsert(DbConnection.java:185)
	at pucrs.gcs.cdl.persistence.DbConnection.createTable(DbConnection.java:53)
	at pucrs.gcs.cdl.persistence.DbConnection.open(DbConnection.java:38)
	at pucrs.gcs.cdl.persistence.DbConnection.queryInsert(DbConnection.java:185)
	at pucrs.gcs.cdl.persistence.DbConnection.createTable(DbConnection.java:53)
	at pucrs.gcs.cdl.persistence.DbConnection.open(DbConnection.java:38)
	at pucrs.gcs.cdl.persistence.DbConnection.queryInsert(DbConnection.java:185)
	at pucrs.gcs.cdl.persistence.DbConnection.createTable(DbConnection.java:53)
	at pucrs.gcs.cdl.persistence.DbConnection.open(DbConnection.java:38)
	at pucrs.gcs.cdl.persistence.DbConnection.queryInsert(DbConnection.java:185)
	at pucrs.gcs.cdl.persistence.DbConnection.createTable(DbConnection.java:53)
	at pucrs.gcs.cdl.persistence.DbConnection.open(DbConnection.java:38)
	at pucrs.gcs.cdl.persistence.DbConnection.queryInsert(DbConnection.java:185)
	at pucrs.gcs.cdl.persistence.DbConnection.createTable(DbConnection.java:53)
	at pucrs.gcs.cdl.persistence.DbConnection.open(DbConnection.java:38)
	at pucrs.gcs.cdl.persistence.DbConnection.queryInsert(DbConnection.java:185)
	at pucrs.gcs.cdl.persistence.DbConnection.createTable(DbConnection.java:53)
	at pucrs.gcs.cdl.persistence.DbConnection.open(DbConnection.java:38)
	at pucrs.gcs.cdl.persistence.DbConnection.queryInsert(DbConnection.java:185)
	at pucrs.gcs.cdl.persistence.DbConnection.createTable(DbConnection.java:53)
	at pucrs.gcs.cdl.persistence.DbConnection.open(DbConnection.java:38)
	at pucrs.gcs.cdl.persistence.DbConnection.queryInsert(DbConnection.java:185)
	at pucrs.gcs.cdl.persistence.DbConnection.createTable(DbConnection.java:53)
	at pucrs.gcs.cdl.persistence.DbConnection.open(DbConnection.java:38)
	at pucrs.gcs.cdl.persistence.DbConnection.queryInsert(DbConnection.java:185)
	at pucrs.gcs.cdl.persistence.DbConnection.createTable(DbConnection.java:53)
	at pucrs.gcs.cdl.persistence.DbConnection.open(DbConnection.java:38)
	at pucrs.gcs.cdl.persistence.DbConnection.queryInsert(DbConnection.java:185)
	at pucrs.gcs.cdl.persistence.DbConnection.createTable(DbConnection.java:53)
	at pucrs.gcs.cdl.persistence.DbConnection.open(DbConnection.java:38)
	at pucrs.gcs.cdl.persistence.DbConnection.queryInsert(DbConnection.java:185)
	at pucrs.gcs.cdl.persistence.DbConnection.createTable(DbConnection.java:53)
	at pucrs.gcs.cdl.persistence.DbConnection.open(DbConnection.java:38)
	at pucrs.gcs.cdl.persistence.DbConnection.queryInsert(DbConnection.java:185)
	at pucrs.gcs.cdl.persistence.DbConnection.createTable(DbConnection.java:53)
	at pucrs.gcs.cdl.persistence.DbConnection.open(DbConnection.java:38)
	at pucrs.gcs.cdl.persistence.DbConnection.queryInsert(DbConnection.java:185)
	at pucrs.gcs.cdl.persistence.DbConnection.createTable(DbConnection.java:53)
	at pucrs.gcs.cdl.persistence.DbConnection.open(DbConnection.java:38)
	at pucrs.gcs.cdl.persistence.DbConnection.queryInsert(DbConnection.java:185)
	at pucrs.gcs.cdl.persistence.DbConnection.createTable(DbConnection.java:53)
	at pucrs.gcs.cdl.persistence.DbConnection.open(DbConnection.java:38)
	at pucrs.gcs.cdl.persistence.DbConnection.queryInsert(DbConnection.java:185)
	at pucrs.gcs.cdl.persistence.DbConnection.createTable(DbConnection.java:53)
	at pucrs.gcs.cdl.persistence.DbConnection.open(DbConnection.java:38)
	at pucrs.gcs.cdl.persistence.DbConnection.queryInsert(DbConnection.java:185)
	at pucrs.gcs.cdl.persistence.DbConnection.createTable(DbConnection.java:53)
	at pucrs.gcs.cdl.persistence.DbConnection.open(DbConnection.java:38)
	at pucrs.gcs.cdl.persistence.DbConnection.queryInsert(DbConnection.java:185)
	at pucrs.gcs.cdl.persistence.DbConnection.createTable(DbConnection.java:53)
	at pucrs.gcs.cdl.persistence.DbConnection.open(DbConnection.java:38)
	at pucrs.gcs.cdl.persistence.DbConnection.queryInsert(DbConnection.java:185)
	at pucrs.gcs.cdl.persistence.DbConnection.createTable(DbConnection.java:53)
	at pucrs.gcs.cdl.persistence.DbConnection.open(DbConnection.java:38)
	at pucrs.gcs.cdl.persistence.DbConnection.queryInsert(DbConnection.java:185)
	at pucrs.gcs.cdl.persistence.DbConnection.createTable(DbConnection.java:53)
	at pucrs.gcs.cdl.persistence.DbConnection.open(DbConnection.java:38)
	at pucrs.gcs.cdl.persistence.DbConnection.queryInsert(DbConnection.java:185)
	at pucrs.gcs.cdl.persistence.DbConnection.createTable(DbConnection.java:53)
	at pucrs.gcs.cdl.persistence.DbConnection.open(DbConnection.java:38)
	at pucrs.gcs.cdl.persistence.DbConnection.queryInsert(DbConnection.java:185)
	at pucrs.gcs.cdl.persistence.DbConnection.createTable(DbConnection.java:53)
	at pucrs.gcs.cdl.persistence.DbConnection.open(DbConnection.java:38)
	at pucrs.gcs.cdl.persistence.DbConnection.queryInsert(DbConnection.java:185)
	at pucrs.gcs.cdl.persistence.DbConnection.createTable(DbConnection.java:53)
	at pucrs.gcs.cdl.persistence.DbConnection.open(DbConnection.java:38)
	at pucrs.gcs.cdl.persistence.DbConnection.queryInsert(DbConnection.java:185)
	at pucrs.gcs.cdl.persistence.DbConnection.createTable(DbConnection.java:53)
	at pucrs.gcs.cdl.persistence.DbConnection.open(DbConnection.java:38)
	at pucrs.gcs.cdl.persistence.DbConnection.queryInsert(DbConnection.java:185)
	at pucrs.gcs.cdl.persistence.DbConnection.createTable(DbConnection.java:53)
	at pucrs.gcs.cdl.persistence.DbConnection.open(DbConnection.java:38)
	at pucrs.gcs.cdl.persistence.DbConnection.queryInsert(DbConnection.java:185)
	at pucrs.gcs.cdl.persistence.DbConnection.createTable(DbConnection.java:53)
	at pucrs.gcs.cdl.persistence.DbConnection.open(DbConnection.java:38)
	at pucrs.gcs.cdl.persistence.DbConnection.queryInsert(DbConnection.java:185)
	at pucrs.gcs.cdl.persistence.DbConnection.createTable(DbConnection.java:53)
	at pucrs.gcs.cdl.persistence.DbConnection.open(DbConnection.java:38)
	at pucrs.gcs.cdl.persistence.DbConnection.queryInsert(DbConnection.java:185)
	at pucrs.gcs.cdl.persistence.DbConnection.createTable(DbConnection.java:53)
	at pucrs.gcs.cdl.persistence.DbConnection.open(DbConnection.java:38)
	at pucrs.gcs.cdl.persistence.DbConnection.queryInsert(DbConnection.java:185)
	at pucrs.gcs.cdl.persistence.DbConnection.createTable(DbConnection.java:53)
	at pucrs.gcs.cdl.persistence.DbConnection.open(DbConnection.java:38)
	at pucrs.gcs.cdl.persistence.DbConnection.queryInsert(DbConnection.java:185)
	at pucrs.gcs.cdl.persistence.DbConnection.createTable(DbConnection.java:53)
	at pucrs.gcs.cdl.persistence.DbConnection.open(DbConnection.java:38)
	at pucrs.gcs.cdl.persistence.DbConnection.queryInsert(DbConnection.java:185)
	at pucrs.gcs.cdl.persistence.DbConnection.createTable(DbConnection.java:53)
	at pucrs.gcs.cdl.persistence.DbConnection.open(DbConnection.java:38)
	at pucrs.gcs.cdl.persistence.DbConnection.queryInsert(DbConnection.java:185)
	at pucrs.gcs.cdl.persistence.DbConnection.createTable(DbConnection.java:53)
	at pucrs.gcs.cdl.persistence.DbConnection.open(DbConnection.java:38)
	at pucrs.gcs.cdl.persistence.DbConnection.queryInsert(DbConnection.java:185)
	at pucrs.gcs.cdl.persistence.DbConnection.createTable(DbConnection.java:53)
	at pucrs.gcs.cdl.persistence.DbConnection.open(DbConnection.java:38)
	at pucrs.gcs.cdl.persistence.DbConnection.queryInsert(DbConnection.java:185)
	at pucrs.gcs.cdl.persistence.DbConnection.createTable(DbConnection.java:53)
	at pucrs.gcs.cdl.persistence.DbConnection.open(DbConnection.java:38)
	at pucrs.gcs.cdl.persistence.DbConnection.queryInsert(DbConnection.java:185)
	at pucrs.gcs.cdl.persistence.DbConnection.createTable(DbConnection.java:53)
	at pucrs.gcs.cdl.persistence.DbConnection.open(DbConnection.java:38)
	at pucrs.gcs.cdl.persistence.DbConnection.queryInsert(DbConnection.java:185)
	at pucrs.gcs.cdl.persistence.DbConnection.createTable(DbConnection.java:53)
	at pucrs.gcs.cdl.persistence.DbConnection.open(DbConnection.java:38)
	at pucrs.gcs.cdl.persistence.DbConnection.queryInsert(DbConnection.java:185)
	at pucrs.gcs.cdl.persistence.DbConnection.createTable(DbConnection.java:53)
	at pucrs.gcs.cdl.persistence.DbConnection.open(DbConnection.java:38)
	at pucrs.gcs.cdl.persistence.DbConnection.queryInsert(DbConnection.java:185)
	at pucrs.gcs.cdl.persistence.DbConnection.createTable(DbConnection.java:53)
	at pucrs.gcs.cdl.persistence.DbConnection.open(DbConnection.java:38)
	at pucrs.gcs.cdl.persistence.DbConnection.queryInsert(DbConnection.java:185)
	at pucrs.gcs.cdl.persistence.DbConnection.createTable(DbConnection.java:53)
	at pucrs.gcs.cdl.persistence.DbConnection.open(DbConnection.java:38)
	at pucrs.gcs.cdl.persistence.DbConnection.queryInsert(DbConnection.java:185)
	at pucrs.gcs.cdl.persistence.DbConnection.createTable(DbConnection.java:53)
	at pucrs.gcs.cdl.persistence.DbConnection.open(DbConnection.java:38)
	at pucrs.gcs.cdl.persistence.DbConnection.queryInsert(DbConnection.java:185)
	at pucrs.gcs.cdl.persistence.DbConnection.createTable(DbConnection.java:53)
	at pucrs.gcs.cdl.persistence.DbConnection.open(DbConnection.java:38)
	at pucrs.gcs.cdl.persistence.DbConnection.queryInsert(DbConnection.java:185)
	at pucrs.gcs.cdl.persistence.DbConnection.createTable(DbConnection.java:53)
	at pucrs.gcs.cdl.persistence.DbConnection.open(DbConnection.java:38)
	at pucrs.gcs.cdl.persistence.DbConnection.queryInsert(DbConnection.java:185)
	at pucrs.gcs.cdl.persistence.DbConnection.createTable(DbConnection.java:53)
	at pucrs.gcs.cdl.persistence.DbConnection.open(DbConnection.java:38)
	at pucrs.gcs.cdl.persistence.DbConnection.queryInsert(DbConnection.java:185)
	at pucrs.gcs.cdl.persistence.DbConnection.createTable(DbConnection.java:53)
	at pucrs.gcs.cdl.persistence.DbConnection.open(DbConnection.java:38)
	at pucrs.gcs.cdl.persistence.DbConnection.queryInsert(DbConnection.java:185)
	at pucrs.gcs.cdl.persistence.DbConnection.createTable(DbConnection.java:53)
	at pucrs.gcs.cdl.persistence.DbConnection.open(DbConnection.java:38)
	at pucrs.gcs.cdl.persistence.DbConnection.queryInsert(DbConnection.java:185)
	at pucrs.gcs.cdl.persistence.DbConnection.createTable(DbConnection.java:53)
	at pucrs.gcs.cdl.persistence.DbConnection.open(DbConnection.java:38)
	at pucrs.gcs.cdl.persistence.DbConnection.queryInsert(DbConnection.java:185)
	at pucrs.gcs.cdl.persistence.DbConnection.createTable(DbConnection.java:53)
	at pucrs.gcs.cdl.persistence.DbConnection.open(DbConnection.java:38)
	at pucrs.gcs.cdl.persistence.DbConnection.queryInsert(DbConnection.java:185)
	at pucrs.gcs.cdl.persistence.DbConnection.createTable(DbConnection.java:53)
	at pucrs.gcs.cdl.persistence.DbConnection.open(DbConnection.java:38)
	at pucrs.gcs.cdl.persistence.DbConnection.queryInsert(DbConnection.java:185)
	at pucrs.gcs.cdl.persistence.DbConnection.createTable(DbConnection.java:53)
	at pucrs.gcs.cdl.persistence.DbConnection.open(DbConnection.java:38)
	at pucrs.gcs.cdl.persistence.DbConnection.queryInsert(DbConnection.java:185)
	at pucrs.gcs.cdl.persistence.DbConnection.createTable(DbConnection.java:53)
	at pucrs.gcs.cdl.persistence.DbConnection.open(DbConnection.java:38)
	at pucrs.gcs.cdl.persistence.DbConnection.queryInsert(DbConnection.java:185)
	at pucrs.gcs.cdl.persistence.DbConnection.createTable(DbConnection.java:53)
	at pucrs.gcs.cdl.persistence.DbConnection.open(DbConnection.java:38)
	at pucrs.gcs.cdl.persistence.DbConnection.queryInsert(DbConnection.java:185)
	at pucrs.gcs.cdl.persistence.DbConnection.createTable(DbConnection.java:53)
	at pucrs.gcs.cdl.persistence.DbConnection.open(DbConnection.java:38)
	at pucrs.gcs.cdl.persistence.DbConnection.queryInsert(DbConnection.java:185)
	at pucrs.gcs.cdl.persistence.DbConnection.createTable(DbConnection.java:53)
	at pucrs.gcs.cdl.persistence.DbConnection.open(DbConnection.java:38)
	at pucrs.gcs.cdl.persistence.DbConnection.queryInsert(DbConnection.java:185)
	at pucrs.gcs.cdl.persistence.DbConnection.createTable(DbConnection.java:53)
	at pucrs.gcs.cdl.persistence.DbConnection.open(DbConnection.java:38)
	at pucrs.gcs.cdl.persistence.DbConnection.queryInsert(DbConnection.java:185)
	at pucrs.gcs.cdl.persistence.DbConnection.createTable(DbConnection.java:53)
	at pucrs.gcs.cdl.persistence.DbConnection.open(DbConnection.java:38)
	at pucrs.gcs.cdl.persistence.DbConnection.queryInsert(DbConnection.java:185)
	at pucrs.gcs.cdl.persistence.DbConnection.createTable(DbConnection.java:53)
	at pucrs.gcs.cdl.persistence.DbConnection.open(DbConnection.java:38)
	at pucrs.gcs.cdl.persistence.DbConnection.queryInsert(DbConnection.java:185)
	at pucrs.gcs.cdl.persistence.DbConnection.createTable(DbConnection.java:53)
	at pucrs.gcs.cdl.persistence.DbConnection.open(DbConnection.java:38)
	at pucrs.gcs.cdl.persistence.DbConnection.queryInsert(DbConnection.java:185)
	at pucrs.gcs.cdl.persistence.DbConnection.createTable(DbConnection.java:53)
	at pucrs.gcs.cdl.persistence.DbConnection.open(DbConnection.java:38)
	at pucrs.gcs.cdl.persistence.DbConnection.queryInsert(DbConnection.java:185)
	at pucrs.gcs.cdl.persistence.DbConnection.createTable(DbConnection.java:53)
	at pucrs.gcs.cdl.persistence.DbConnection.open(DbConnection.java:38)
	at pucrs.gcs.cdl.persistence.DbConnection.queryInsert(DbConnection.java:185)
	at pucrs.gcs.cdl.persistence.DbConnection.createTable(DbConnection.java:53)
	at pucrs.gcs.cdl.persistence.DbConnection.open(DbConnection.java:38)
	at pucrs.gcs.cdl.persistence.DbConnection.queryInsert(DbConnection.java:185)
	at pucrs.gcs.cdl.persistence.DbConnection.createTable(DbConnection.java:53)
	at pucrs.gcs.cdl.persistence.DbConnection.open(DbConnection.java:38)
	at pucrs.gcs.cdl.persistence.DbConnection.queryInsert(DbConnection.java:185)
	at pucrs.gcs.cdl.persistence.DbConnection.createTable(DbConnection.java:53)
	at pucrs.gcs.cdl.persistence.DbConnection.open(DbConnection.java:38)
	at pucrs.gcs.cdl.persistence.DbConnection.queryInsert(DbConnection.java:185)
	at pucrs.gcs.cdl.persistence.DbConnection.createTable(DbConnection.java:53)
	at pucrs.gcs.cdl.persistence.DbConnection.open(DbConnection.java:38)
	at pucrs.gcs.cdl.persistence.DbConnection.queryInsert(DbConnection.java:185)
	at pucrs.gcs.cdl.persistence.DbConnection.createTable(DbConnection.java:53)
	at pucrs.gcs.cdl.persistence.DbConnection.open(DbConnection.java:38)
	at pucrs.gcs.cdl.persistence.DbConnection.queryInsert(DbConnection.java:185)
	at pucrs.gcs.cdl.persistence.DbConnection.createTable(DbConnection.java:53)
	at pucrs.gcs.cdl.persistence.DbConnection.open(DbConnection.java:38)
	at pucrs.gcs.cdl.persistence.DbConnection.queryInsert(DbConnection.java:185)
	at pucrs.gcs.cdl.persistence.DbConnection.createTable(DbConnection.java:53)
	at pucrs.gcs.cdl.persistence.DbConnection.open(DbConnection.java:38)
	at pucrs.gcs.cdl.persistence.DbConnection.queryInsert(DbConnection.java:185)
	at pucrs.gcs.cdl.persistence.DbConnection.createTable(DbConnection.java:53)
	at pucrs.gcs.cdl.persistence.DbConnection.open(DbConnection.java:38)
	at pucrs.gcs.cdl.persistence.DbConnection.queryInsert(DbConnection.java:185)
	at pucrs.gcs.cdl.persistence.DbConnection.createTable(DbConnection.java:53)
	at pucrs.gcs.cdl.persistence.DbConnection.open(DbConnection.java:38)
	at pucrs.gcs.cdl.persistence.DbConnection.queryInsert(DbConnection.java:185)
	at pucrs.gcs.cdl.persistence.DbConnection.createTable(DbConnection.java:53)
	at pucrs.gcs.cdl.persistence.DbConnection.open(DbConnection.java:38)
	at pucrs.gcs.cdl.persistence.DbConnection.queryInsert(DbConnection.java:185)
	at pucrs.gcs.cdl.persistence.DbConnection.createTable(DbConnection.java:53)
	at pucrs.gcs.cdl.persistence.DbConnection.open(DbConnection.java:38)
	at pucrs.gcs.cdl.persistence.DbConnection.queryInsert(DbConnection.java:185)
	at pucrs.gcs.cdl.persistence.DbConnection.createTable(DbConnection.java:53)
	at pucrs.gcs.cdl.persistence.DbConnection.open(DbConnection.java:38)
	at pucrs.gcs.cdl.persistence.DbConnection.queryInsert(DbConnection.java:185)
	at pucrs.gcs.cdl.persistence.DbConnection.createTable(DbConnection.java:53)
	at pucrs.gcs.cdl.persistence.DbConnection.open(DbConnection.java:38)
	at pucrs.gcs.cdl.persistence.DbConnection.queryInsert(DbConnection.java:185)
	at pucrs.gcs.cdl.persistence.DbConnection.createTable(DbConnection.java:53)
	at pucrs.gcs.cdl.persistence.DbConnection.open(DbConnection.java:38)
	at pucrs.gcs.cdl.persistence.DbConnection.queryInsert(DbConnection.java:185)
	at pucrs.gcs.cdl.persistence.DbConnection.createTable(DbConnection.java:53)
	at pucrs.gcs.cdl.persistence.DbConnection.open(DbConnection.java:38)
	at pucrs.gcs.cdl.persistence.DbConnection.queryInsert(DbConnection.java:185)
	at pucrs.gcs.cdl.persistence.DbConnection.createTable(DbConnection.java:53)
	at pucrs.gcs.cdl.persistence.DbConnection.open(DbConnection.java:38)
	at pucrs.gcs.cdl.persistence.DbConnection.queryInsert(DbConnection.java:185)
	at pucrs.gcs.cdl.persistence.DbConnection.createTable(DbConnection.java:53)
	at pucrs.gcs.cdl.persistence.DbConnection.open(DbConnection.java:38)
	at pucrs.gcs.cdl.persistence.DbConnection.queryInsert(DbConnection.java:185)
	at pucrs.gcs.cdl.persistence.DbConnection.createTable(DbConnection.java:53)
	at pucrs.gcs.cdl.persistence.DbConnection.open(DbConnection.java:38)
	at pucrs.gcs.cdl.persistence.DbConnection.queryInsert(DbConnection.java:185)
	at pucrs.gcs.cdl.persistence.DbConnection.createTable(DbConnection.java:53)
	at pucrs.gcs.cdl.persistence.DbConnection.open(DbConnection.java:38)
	at pucrs.gcs.cdl.persistence.DbConnection.queryInsert(DbConnection.java:185)
	at pucrs.gcs.cdl.persistence.DbConnection.createTable(DbConnection.java:53)
	at pucrs.gcs.cdl.persistence.DbConnection.open(DbConnection.java:38)
	at pucrs.gcs.cdl.persistence.DbConnection.queryInsert(DbConnection.java:185)
	at pucrs.gcs.cdl.persistence.DbConnection.createTable(DbConnection.java:53)
	at pucrs.gcs.cdl.persistence.DbConnection.open(DbConnection.java:38)
	at pucrs.gcs.cdl.persistence.DbConnection.queryInsert(DbConnection.java:185)
	at pucrs.gcs.cdl.persistence.DbConnection.createTable(DbConnection.java:53)
	at pucrs.gcs.cdl.persistence.DbConnection.open(DbConnection.java:38)
	at pucrs.gcs.cdl.persistence.DbConnection.queryInsert(DbConnection.java:185)
	at pucrs.gcs.cdl.persistence.DbConnection.createTable(DbConnection.java:53)
	at pucrs.gcs.cdl.persistence.DbConnection.open(DbConnection.java:38)
	at pucrs.gcs.cdl.persistence.DbConnection.queryInsert(DbConnection.java:185)
	at pucrs.gcs.cdl.persistence.DbConnection.createTable(DbConnection.java:53)
	at pucrs.gcs.cdl.persistence.DbConnection.open(DbConnection.java:38)
	at pucrs.gcs.cdl.persistence.DbConnection.queryInsert(DbConnection.java:185)
	at pucrs.gcs.cdl.persistence.DbConnection.createTable(DbConnection.java:53)
	at pucrs.gcs.cdl.persistence.DbConnection.open(DbConnection.java:38)
	at pucrs.gcs.cdl.persistence.DbConnection.queryInsert(DbConnection.java:185)
	at pucrs.gcs.cdl.persistence.DbConnection.createTable(DbConnection.java:53)
	at pucrs.gcs.cdl.persistence.DbConnection.open(DbConnection.java:38)
	at pucrs.gcs.cdl.persistence.DbConnection.queryInsert(DbConnection.java:185)
	at pucrs.gcs.cdl.persistence.DbConnection.createTable(DbConnection.java:53)
	at pucrs.gcs.cdl.persistence.DbConnection.open(DbConnection.java:38)
	at pucrs.gcs.cdl.persistence.DbConnection.queryInsert(DbConnection.java:185)
	at pucrs.gcs.cdl.persistence.DbConnection.createTable(DbConnection.java:53)
	at pucrs.gcs.cdl.persistence.DbConnection.open(DbConnection.java:38)
	at pucrs.gcs.cdl.persistence.DbConnection.queryInsert(DbConnection.java:185)
	at pucrs.gcs.cdl.persistence.DbConnection.createTable(DbConnection.java:53)
	at pucrs.gcs.cdl.persistence.DbConnection.open(DbConnection.java:38)
	at pucrs.gcs.cdl.persistence.DbConnection.queryInsert(DbConnection.java:185)
	at pucrs.gcs.cdl.persistence.DbConnection.createTable(DbConnection.java:53)
	at pucrs.gcs.cdl.persistence.DbConnection.open(DbConnection.java:38)
	at pucrs.gcs.cdl.persistence.DbConnection.queryInsert(DbConnection.java:185)
	at pucrs.gcs.cdl.persistence.DbConnection.createTable(DbConnection.java:53)
	at pucrs.gcs.cdl.persistence.DbConnection.open(DbConnection.java:38)
	at pucrs.gcs.cdl.persistence.DbConnection.queryInsert(DbConnection.java:185)
	at pucrs.gcs.cdl.persistence.DbConnection.createTable(DbConnection.java:53)
	at pucrs.gcs.cdl.persistence.DbConnection.open(DbConnection.java:38)
	at pucrs.gcs.cdl.persistence.DbConnection.queryInsert(DbConnection.java:185)
	at pucrs.gcs.cdl.persistence.DbConnection.createTable(DbConnection.java:53)
	at pucrs.gcs.cdl.persistence.DbConnection.open(DbConnection.java:38)
	at pucrs.gcs.cdl.persistence.DbConnection.queryInsert(DbConnection.java:185)
	at pucrs.gcs.cdl.persistence.DbConnection.createTable(DbConnection.java:53)
	at pucrs.gcs.cdl.persistence.DbConnection.open(DbConnection.java:38)
	at pucrs.gcs.cdl.persistence.DbConnection.queryInsert(DbConnection.java:185)
	at pucrs.gcs.cdl.persistence.DbConnection.createTable(DbConnection.java:53)
	at pucrs.gcs.cdl.persistence.DbConnection.open(DbConnection.java:38)
	at pucrs.gcs.cdl.persistence.DbConnection.queryInsert(DbConnection.java:185)
	at pucrs.gcs.cdl.persistence.DbConnection.createTable(DbConnection.java:53)
	at pucrs.gcs.cdl.persistence.DbConnection.open(DbConnection.java:38)
	at pucrs.gcs.cdl.persistence.DbConnection.queryInsert(DbConnection.java:185)
	at pucrs.gcs.cdl.persistence.DbConnection.createTable(DbConnection.java:53)
	at pucrs.gcs.cdl.persistence.DbConnection.open(DbConnection.java:38)
	at pucrs.gcs.cdl.persistence.DbConnection.queryInsert(DbConnection.java:185)
	at pucrs.gcs.cdl.persistence.DbConnection.createTable(DbConnection.java:53)
	at pucrs.gcs.cdl.persistence.DbConnection.open(DbConnection.java:38)
	at pucrs.gcs.cdl.persistence.DbConnection.queryInsert(DbConnection.java:185)
	at pucrs.gcs.cdl.persistence.DbConnection.createTable(DbConnection.java:53)
	at pucrs.gcs.cdl.persistence.DbConnection.open(DbConnection.java:38)
	at pucrs.gcs.cdl.persistence.DbConnection.queryInsert(DbConnection.java:185)
	at pucrs.gcs.cdl.persistence.DbConnection.createTable(DbConnection.java:53)
	at pucrs.gcs.cdl.persistence.DbConnection.open(DbConnection.java:38)
	at pucrs.gcs.cdl.persistence.DbConnection.queryInsert(DbConnection.java:185)
	at pucrs.gcs.cdl.persistence.DbConnection.createTable(DbConnection.java:53)
	at pucrs.gcs.cdl.persistence.DbConnection.open(DbConnection.java:38)
	at pucrs.gcs.cdl.persistence.DbConnection.queryInsert(DbConnection.java:185)
	at pucrs.gcs.cdl.persistence.DbConnection.createTable(DbConnection.java:53)
	at pucrs.gcs.cdl.persistence.DbConnection.open(DbConnection.java:38)
	at pucrs.gcs.cdl.persistence.DbConnection.queryInsert(DbConnection.java:185)
	at pucrs.gcs.cdl.persistence.DbConnection.createTable(DbConnection.java:53)
	at pucrs.gcs.cdl.persistence.DbConnection.open(DbConnection.java:38)
	at pucrs.gcs.cdl.persistence.DbConnection.queryInsert(DbConnection.java:185)
	at pucrs.gcs.cdl.persistence.DbConnection.createTable(DbConnection.java:53)
	at pucrs.gcs.cdl.persistence.DbConnection.open(DbConnection.java:38)
	at pucrs.gcs.cdl.persistence.DbConnection.queryInsert(DbConnection.java:185)
	at pucrs.gcs.cdl.persistence.DbConnection.createTable(DbConnection.java:53)
	at pucrs.gcs.cdl.persistence.DbConnection.open(DbConnection.java:38)
	at pucrs.gcs.cdl.persistence.DbConnection.queryInsert(DbConnection.java:185)
	at pucrs.gcs.cdl.persistence.DbConnection.createTable(DbConnection.java:53)
	at pucrs.gcs.cdl.persistence.DbConnection.open(DbConnection.java:38)
	at pucrs.gcs.cdl.persistence.DbConnection.queryInsert(DbConnection.java:185)
	at pucrs.gcs.cdl.persistence.DbConnection.createTable(DbConnection.java:53)
	at pucrs.gcs.cdl.persistence.DbConnection.open(DbConnection.java:38)
	at pucrs.gcs.cdl.persistence.DbConnection.queryInsert(DbConnection.java:185)
	at pucrs.gcs.cdl.persistence.DbConnection.createTable(DbConnection.java:53)
	at pucrs.gcs.cdl.persistence.DbConnection.open(DbConnection.java:38)
	at pucrs.gcs.cdl.persistence.DbConnection.queryInsert(DbConnection.java:185)
	at pucrs.gcs.cdl.persistence.DbConnection.createTable(DbConnection.java:53)
	at pucrs.gcs.cdl.persistence.DbConnection.open(DbConnection.java:38)
	at pucrs.gcs.cdl.persistence.DbConnection.queryInsert(DbConnection.java:185)
	at pucrs.gcs.cdl.persistence.DbConnection.createTable(DbConnection.java:53)
	at pucrs.gcs.cdl.persistence.DbConnection.open(DbConnection.java:38)
	at pucrs.gcs.cdl.persistence.DbConnection.queryInsert(DbConnection.java:185)
	at pucrs.gcs.cdl.persistence.DbConnection.createTable(DbConnection.java:53)
	at pucrs.gcs.cdl.persistence.DbConnection.open(DbConnection.java:38)
	at pucrs.gcs.cdl.persistence.DbConnection.queryInsert(DbConnection.java:185)
	at pucrs.gcs.cdl.persistence.DbConnection.createTable(DbConnection.java:53)
	at pucrs.gcs.cdl.persistence.DbConnection.open(DbConnection.java:38)
	at pucrs.gcs.cdl.persistence.DbConnection.queryInsert(DbConnection.java:185)
	at pucrs.gcs.cdl.persistence.DbConnection.createTable(DbConnection.java:53)
	at pucrs.gcs.cdl.persistence.DbConnection.open(DbConnection.java:38)
	at pucrs.gcs.cdl.persistence.DbConnection.queryInsert(DbConnection.java:185)
	at pucrs.gcs.cdl.persistence.DbConnection.createTable(DbConnection.java:53)
	at pucrs.gcs.cdl.persistence.DbConnection.open(DbConnection.java:38)
	at pucrs.gcs.cdl.persistence.DbConnection.queryInsert(DbConnection.java:185)
	at pucrs.gcs.cdl.persistence.DbConnection.createTable(DbConnection.java:53)
	at pucrs.gcs.cdl.persistence.DbConnection.open(DbConnection.java:38)
	at pucrs.gcs.cdl.persistence.DbConnection.queryInsert(DbConnection.java:185)
	at pucrs.gcs.cdl.persistence.DbConnection.createTable(DbConnection.java:53)
	at pucrs.gcs.cdl.persistence.DbConnection.open(DbConnection.java:38)
	at pucrs.gcs.cdl.persistence.DbConnection.queryInsert(DbConnection.java:185)
	at pucrs.gcs.cdl.persistence.DbConnection.createTable(DbConnection.java:53)
	at pucrs.gcs.cdl.persistence.DbConnection.open(DbConnection.java:38)
	at pucrs.gcs.cdl.persistence.DbConnection.queryInsert(DbConnection.java:185)
	at pucrs.gcs.cdl.persistence.DbConnection.createTable(DbConnection.java:53)
	at pucrs.gcs.cdl.persistence.DbConnection.open(DbConnection.java:38)
	at pucrs.gcs.cdl.persistence.DbConnection.queryInsert(DbConnection.java:185)
	at pucrs.gcs.cdl.persistence.DbConnection.createTable(DbConnection.java:53)
	at pucrs.gcs.cdl.persistence.DbConnection.open(DbConnection.java:38)
	at pucrs.gcs.cdl.persistence.DbConnection.queryInsert(DbConnection.java:185)
	at pucrs.gcs.cdl.persistence.DbConnection.createTable(DbConnection.java:53)
	at pucrs.gcs.cdl.persistence.DbConnection.open(DbConnection.java:38)
	at pucrs.gcs.cdl.persistence.DbConnection.queryInsert(DbConnection.java:185)
	at pucrs.gcs.cdl.persistence.DbConnection.createTable(DbConnection.java:53)
	at pucrs.gcs.cdl.persistence.DbConnection.open(DbConnection.java:38)
	at pucrs.gcs.cdl.persistence.DbConnection.queryInsert(DbConnection.java:185)
	at pucrs.gcs.cdl.persistence.DbConnection.createTable(DbConnection.java:53)
	at pucrs.gcs.cdl.persistence.DbConnection.open(DbConnection.java:38)
	at pucrs.gcs.cdl.persistence.DbConnection.queryInsert(DbConnection.java:185)
	at pucrs.gcs.cdl.persistence.DbConnection.createTable(DbConnection.java:53)
	at pucrs.gcs.cdl.persistence.DbConnection.open(DbConnection.java:38)
	at pucrs.gcs.cdl.persistence.DbConnection.queryInsert(DbConnection.java:185)
	at pucrs.gcs.cdl.persistence.DbConnection.createTable(DbConnection.java:53)
	at pucrs.gcs.cdl.persistence.DbConnection.open(DbConnection.java:38)
	at pucrs.gcs.cdl.persistence.DbConnection.queryInsert(DbConnection.java:185)
	at pucrs.gcs.cdl.persistence.DbConnection.createTable(DbConnection.java:53)
	at pucrs.gcs.cdl.persistence.DbConnection.open(DbConnection.java:38)
	at pucrs.gcs.cdl.persistence.DbConnection.queryInsert(DbConnection.java:185)
	at pucrs.gcs.cdl.persistence.DbConnection.createTable(DbConnection.java:53)
	at pucrs.gcs.cdl.persistence.DbConnection.open(DbConnection.java:38)
	at pucrs.gcs.cdl.persistence.DbConnection.queryInsert(DbConnection.java:185)
	at pucrs.gcs.cdl.persistence.DbConnection.createTable(DbConnection.java:53)
	at pucrs.gcs.cdl.persistence.DbConnection.open(DbConnection.java:38)
	at pucrs.gcs.cdl.persistence.DbConnection.queryInsert(DbConnection.java:185)
	at pucrs.gcs.cdl.persistence.DbConnection.createTable(DbConnection.java:53)
	at pucrs.gcs.cdl.persistence.DbConnection.open(DbConnection.java:38)
	at pucrs.gcs.cdl.persistence.DbConnection.queryInsert(DbConnection.java:185)
	at pucrs.gcs.cdl.persistence.DbConnection.createTable(DbConnection.java:53)
	at pucrs.gcs.cdl.persistence.DbConnection.open(DbConnection.java:38)
	at pucrs.gcs.cdl.persistence.DbConnection.queryInsert(DbConnection.java:185)
	at pucrs.gcs.cdl.persistence.DbConnection.createTable(DbConnection.java:53)
	at pucrs.gcs.cdl.persistence.DbConnection.open(DbConnection.java:38)
	at pucrs.gcs.cdl.persistence.DbConnection.queryInsert(DbConnection.java:185)
	at pucrs.gcs.cdl.persistence.DbConnection.createTable(DbConnection.java:53)
	at pucrs.gcs.cdl.persistence.DbConnection.open(DbConnection.java:38)
	at pucrs.gcs.cdl.persistence.DbConnection.queryInsert(DbConnection.java:185)
	at pucrs.gcs.cdl.persistence.DbConnection.createTable(DbConnection.java:53)
	at pucrs.gcs.cdl.persistence.DbConnection.open(DbConnection.java:38)
	at pucrs.gcs.cdl.persistence.DbConnection.queryInsert(DbConnection.java:185)
	at pucrs.gcs.cdl.persistence.DbConnection.createTable(DbConnection.java:53)
	at pucrs.gcs.cdl.persistence.DbConnection.open(DbConnection.java:38)
	at pucrs.gcs.cdl.persistence.DbConnection.queryInsert(DbConnection.java:185)
	at pucrs.gcs.cdl.persistence.DbConnection.createTable(DbConnection.java:53)
	at pucrs.gcs.cdl.persistence.DbConnection.open(DbConnection.java:38)
	at pucrs.gcs.cdl.persistence.DbConnection.queryInsert(DbConnection.java:185)
	at pucrs.gcs.cdl.persistence.DbConnection.createTable(DbConnection.java:53)
	at pucrs.gcs.cdl.persistence.DbConnection.open(DbConnection.java:38)
	at pucrs.gcs.cdl.persistence.DbConnection.queryInsert(DbConnection.java:185)
	at pucrs.gcs.cdl.persistence.DbConnection.createTable(DbConnection.java:53)
	at pucrs.gcs.cdl.persistence.DbConnection.open(DbConnection.java:38)
	at pucrs.gcs.cdl.persistence.DbConnection.queryInsert(DbConnection.java:185)
	at pucrs.gcs.cdl.persistence.DbConnection.createTable(DbConnection.java:53)
	at pucrs.gcs.cdl.persistence.DbConnection.open(DbConnection.java:38)
	at pucrs.gcs.cdl.persistence.DbConnection.queryInsert(DbConnection.java:185)
	at pucrs.gcs.cdl.persistence.DbConnection.createTable(DbConnection.java:53)
	at pucrs.gcs.cdl.persistence.DbConnection.open(DbConnection.java:38)
	at pucrs.gcs.cdl.persistence.DbConnection.queryInsert(DbConnection.java:185)
	at pucrs.gcs.cdl.persistence.DbConnection.createTable(DbConnection.java:53)
	at pucrs.gcs.cdl.persistence.DbConnection.open(DbConnection.java:38)
	at pucrs.gcs.cdl.persistence.DbConnection.queryInsert(DbConnection.java:185)
	at pucrs.gcs.cdl.persistence.DbConnection.createTable(DbConnection.java:53)
	at pucrs.gcs.cdl.persistence.DbConnection.open(DbConnection.java:38)
	at pucrs.gcs.cdl.persistence.DbConnection.queryInsert(DbConnection.java:185)
	at pucrs.gcs.cdl.persistence.DbConnection.createTable(DbConnection.java:53)
	at pucrs.gcs.cdl.persistence.DbConnection.open(DbConnection.java:38)
	at pucrs.gcs.cdl.persistence.DbConnection.queryInsert(DbConnection.java:185)
	at pucrs.gcs.cdl.persistence.DbConnection.createTable(DbConnection.java:53)
	at pucrs.gcs.cdl.persistence.DbConnection.open(DbConnection.java:38)
	at pucrs.gcs.cdl.persistence.DbConnection.queryInsert(DbConnection.java:185)
	at pucrs.gcs.cdl.persistence.DbConnection.createTable(DbConnection.java:53)
	at pucrs.gcs.cdl.persistence.DbConnection.open(DbConnection.java:38)
	at pucrs.gcs.cdl.persistence.DbConnection.queryInsert(DbConnection.java:185)
	at pucrs.gcs.cdl.persistence.DbConnection.createTable(DbConnection.java:53)
	at pucrs.gcs.cdl.persistence.DbConnection.open(DbConnection.java:38)
	at pucrs.gcs.cdl.persistence.DbConnection.queryInsert(DbConnection.java:185)
	at pucrs.gcs.cdl.persistence.DbConnection.createTable(DbConnection.java:53)
	at pucrs.gcs.cdl.persistence.DbConnection.open(DbConnection.java:38)
	at pucrs.gcs.cdl.persistence.DbConnection.queryInsert(DbConnection.java:185)
	at pucrs.gcs.cdl.persistence.DbConnection.createTable(DbConnection.java:53)
	at pucrs.gcs.cdl.persistence.DbConnection.open(DbConnection.java:38)
	at pucrs.gcs.cdl.persistence.DbConnection.queryInsert(DbConnection.java:185)
	at pucrs.gcs.cdl.persistence.DbConnection.createTable(DbConnection.java:53)
	at pucrs.gcs.cdl.persistence.DbConnection.open(DbConnection.java:38)
	at pucrs.gcs.cdl.persistence.DbConnection.queryInsert(DbConnection.java:185)
	at pucrs.gcs.cdl.persistence.DbConnection.createTable(DbConnection.java:53)
	at pucrs.gcs.cdl.persistence.DbConnection.open(DbConnection.java:38)
	at pucrs.gcs.cdl.persistence.DbConnection.queryInsert(DbConnection.java:185)
	at pucrs.gcs.cdl.persistence.DbConnection.createTable(DbConnection.java:53)
	at pucrs.gcs.cdl.persistence.DbConnection.open(DbConnection.java:38)
	at pucrs.gcs.cdl.persistence.DbConnection.queryInsert(DbConnection.java:185)
	at pucrs.gcs.cdl.persistence.DbConnection.createTable(DbConnection.java:53)
	at pucrs.gcs.cdl.persistence.DbConnection.open(DbConnection.java:38)
	at pucrs.gcs.cdl.persistence.DbConnection.queryInsert(DbConnection.java:185)
	at pucrs.gcs.cdl.persistence.DbConnection.createTable(DbConnection.java:53)
	at pucrs.gcs.cdl.persistence.DbConnection.open(DbConnection.java:38)
	at pucrs.gcs.cdl.persistence.DbConnection.queryInsert(DbConnection.java:185)
	at pucrs.gcs.cdl.persistence.DbConnection.createTable(DbConnection.java:53)
	at pucrs.gcs.cdl.persistence.DbConnection.open(DbConnection.java:38)
	at pucrs.gcs.cdl.persistence.DbConnection.queryInsert(DbConnection.java:185)
	at pucrs.gcs.cdl.persistence.DbConnection.createTable(DbConnection.java:53)
	at pucrs.gcs.cdl.persistence.DbConnection.open(DbConnection.java:38)
	at pucrs.gcs.cdl.persistence.DbConnection.queryInsert(DbConnection.java:185)
	at pucrs.gcs.cdl.persistence.DbConnection.createTable(DbConnection.java:53)
	at pucrs.gcs.cdl.persistence.DbConnection.open(DbConnection.java:38)
	at pucrs.gcs.cdl.persistence.DbConnection.queryInsert(DbConnection.java:185)
	at pucrs.gcs.cdl.persistence.DbConnection.createTable(DbConnection.java:53)
	at pucrs.gcs.cdl.persistence.DbConnection.open(DbConnection.java:38)
	at pucrs.gcs.cdl.persistence.DbConnection.queryInsert(DbConnection.java:185)
	at pucrs.gcs.cdl.persistence.DbConnection.createTable(DbConnection.java:53)
	at pucrs.gcs.cdl.persistence.DbConnection.open(DbConnection.java:38)
	at pucrs.gcs.cdl.persistence.DbConnection.queryInsert(DbConnection.java:185)
	at pucrs.gcs.cdl.persistence.DbConnection.createTable(DbConnection.java:53)
	at pucrs.gcs.cdl.persistence.DbConnection.open(DbConnection.java:38)
	at pucrs.gcs.cdl.persistence.DbConnection.queryInsert(DbConnection.java:185)
	at pucrs.gcs.cdl.persistence.DbConnection.createTable(DbConnection.java:53)
	at pucrs.gcs.cdl.persistence.DbConnection.open(DbConnection.java:38)
	at pucrs.gcs.cdl.persistence.DbConnection.queryInsert(DbConnection.java:185)
	at pucrs.gcs.cdl.persistence.DbConnection.createTable(DbConnection.java:53)
	at pucrs.gcs.cdl.persistence.DbConnection.open(DbConnection.java:38)
	at pucrs.gcs.cdl.persistence.DbConnection.queryInsert(DbConnection.java:185)
	at pucrs.gcs.cdl.persistence.DbConnection.createTable(DbConnection.java:53)
	at pucrs.gcs.cdl.persistence.DbConnection.open(DbConnection.java:38)
	at pucrs.gcs.cdl.persistence.DbConnection.queryInsert(DbConnection.java:185)
	at pucrs.gcs.cdl.persistence.DbConnection.createTable(DbConnection.java:53)
	at pucrs.gcs.cdl.persistence.DbConnection.open(DbConnection.java:38)
	at pucrs.gcs.cdl.persistence.DbConnection.queryInsert(DbConnection.java:185)
	at pucrs.gcs.cdl.persistence.DbConnection.createTable(DbConnection.java:53)
	at pucrs.gcs.cdl.persistence.DbConnection.open(DbConnection.java:38)
	at pucrs.gcs.cdl.persistence.DbConnection.queryInsert(DbConnection.java:185)
	at pucrs.gcs.cdl.persistence.DbConnection.createTable(DbConnection.java:53)
	at pucrs.gcs.cdl.persistence.DbConnection.open(DbConnection.java:38)
	at pucrs.gcs.cdl.persistence.DbConnection.queryInsert(DbConnection.java:185)
	at pucrs.gcs.cdl.persistence.DbConnection.createTable(DbConnection.java:53)
	at pucrs.gcs.cdl.persistence.DbConnection.open(DbConnection.java:38)
	at pucrs.gcs.cdl.persistence.DbConnection.queryInsert(DbConnection.java:185)
	at pucrs.gcs.cdl.persistence.DbConnection.createTable(DbConnection.java:53)
	at pucrs.gcs.cdl.persistence.DbConnection.open(DbConnection.java:38)
	at pucrs.gcs.cdl.persistence.DbConnection.queryInsert(DbConnection.java:185)
	at pucrs.gcs.cdl.persistence.DbConnection.createTable(DbConnection.java:53)
	at pucrs.gcs.cdl.persistence.DbConnection.open(DbConnection.java:38)
	at pucrs.gcs.cdl.persistence.DbConnection.queryInsert(DbConnection.java:185)
	at pucrs.gcs.cdl.persistence.DbConnection.createTable(DbConnection.java:53)
	at pucrs.gcs.cdl.persistence.DbConnection.open(DbConnection.java:38)
	at pucrs.gcs.cdl.persistence.DbConnection.queryInsert(DbConnection.java:185)
	at pucrs.gcs.cdl.persistence.DbConnection.createTable(DbConnection.java:53)
	at pucrs.gcs.cdl.persistence.DbConnection.open(DbConnection.java:38)
	at pucrs.gcs.cdl.persistence.DbConnection.queryInsert(DbConnection.java:185)
	at pucrs.gcs.cdl.persistence.DbConnection.createTable(DbConnection.java:53)
	at pucrs.gcs.cdl.persistence.DbConnection.open(DbConnection.java:38)
	at pucrs.gcs.cdl.persistence.DbConnection.queryInsert(DbConnection.java:185)
	at pucrs.gcs.cdl.persistence.DbConnection.createTable(DbConnection.java:53)
	at pucrs.gcs.cdl.persistence.DbConnection.open(DbConnection.java:38)
	at pucrs.gcs.cdl.persistence.DbConnection.queryInsert(DbConnection.java:185)
	at pucrs.gcs.cdl.persistence.DbConnection.createTable(DbConnection.java:53)
	at pucrs.gcs.cdl.persistence.DbConnection.open(DbConnection.java:38)
	at pucrs.gcs.cdl.persistence.DbConnection.queryInsert(DbConnection.java:185)
	at pucrs.gcs.cdl.persistence.DbConnection.createTable(DbConnection.java:53)
	at pucrs.gcs.cdl.persistence.DbConnection.open(DbConnection.java:38)
	at pucrs.gcs.cdl.persistence.DbConnection.queryInsert(DbConnection.java:185)
	at pucrs.gcs.cdl.persistence.DbConnection.createTable(DbConnection.java:53)
	at pucrs.gcs.cdl.persistence.DbConnection.open(DbConnection.java:38)
	at pucrs.gcs.cdl.persistence.DbConnection.queryInsert(DbConnection.java:185)
	at pucrs.gcs.cdl.persistence.DbConnection.createTable(DbConnection.java:53)
	at pucrs.gcs.cdl.persistence.DbConnection.open(DbConnection.java:38)
	at pucrs.gcs.cdl.persistence.DbConnection.queryInsert(DbConnection.java:185)
	at pucrs.gcs.cdl.persistence.DbConnection.createTable(DbConnection.java:53)
	at pucrs.gcs.cdl.persistence.DbConnection.open(DbConnection.java:38)
	at pucrs.gcs.cdl.persistence.DbConnection.queryInsert(DbConnection.java:185)
	at pucrs.gcs.cdl.persistence.DbConnection.createTable(DbConnection.java:53)
	at pucrs.gcs.cdl.persistence.DbConnection.open(DbConnection.java:38)
	at pucrs.gcs.cdl.persistence.DbConnection.queryInsert(DbConnection.java:185)
	at pucrs.gcs.cdl.persistence.DbConnection.createTable(DbConnection.java:53)
	at pucrs.gcs.cdl.persistence.DbConnection.open(DbConnection.java:38)
	at pucrs.gcs.cdl.persistence.DbConnection.queryInsert(DbConnection.java:185)
	at pucrs.gcs.cdl.persistence.DbConnection.createTable(DbConnection.java:53)
	at pucrs.gcs.cdl.persistence.DbConnection.open(DbConnection.java:38)
	at pucrs.gcs.cdl.persistence.DbConnection.queryInsert(DbConnection.java:185)
	at pucrs.gcs.cdl.persistence.DbConnection.createTable(DbConnection.java:53)
	at pucrs.gcs.cdl.persistence.DbConnection.open(DbConnection.java:38)
	at pucrs.gcs.cdl.persistence.DbConnection.queryInsert(DbConnection.java:185)
	at pucrs.gcs.cdl.persistence.DbConnection.createTable(DbConnection.java:53)
	at pucrs.gcs.cdl.persistence.DbConnection.open(DbConnection.java:38)
	at pucrs.gcs.cdl.persistence.DbConnection.queryInsert(DbConnection.java:185)
	at pucrs.gcs.cdl.persistence.DbConnection.createTable(DbConnection.java:53)
	at pucrs.gcs.cdl.persistence.DbConnection.open(DbConnection.java:38)
	at pucrs.gcs.cdl.persistence.DbConnection.queryInsert(DbConnection.java:185)
	at pucrs.gcs.cdl.persistence.DbConnection.createTable(DbConnection.java:53)
	at pucrs.gcs.cdl.persistence.DbConnection.open(DbConnection.java:38)
	at pucrs.gcs.cdl.persistence.DbConnection.queryInsert(DbConnection.java:185)
	at pucrs.gcs.cdl.persistence.DbConnection.createTable(DbConnection.java:53)
	at pucrs.gcs.cdl.persistence.DbConnection.open(DbConnection.java:38)
	at pucrs.gcs.cdl.persistence.DbConnection.queryInsert(DbConnection.java:185)
	at pucrs.gcs.cdl.persistence.DbConnection.createTable(DbConnection.java:53)
	at pucrs.gcs.cdl.persistence.DbConnection.open(DbConnection.java:38)
	at pucrs.gcs.cdl.persistence.DbConnection.queryInsert(DbConnection.java:185)
	at pucrs.gcs.cdl.persistence.DbConnection.createTable(DbConnection.java:53)
	at pucrs.gcs.cdl.persistence.DbConnection.open(DbConnection.java:38)
	at pucrs.gcs.cdl.persistence.DbConnection.queryInsert(DbConnection.java:185)
	at pucrs.gcs.cdl.persistence.DbConnection.createTable(DbConnection.java:53)
	at pucrs.gcs.cdl.persistence.DbConnection.open(DbConnection.java:38)
	at pucrs.gcs.cdl.persistence.DbConnection.queryInsert(DbConnection.java:185)
	at pucrs.gcs.cdl.persistence.DbConnection.createTable(DbConnection.java:53)
	at pucrs.gcs.cdl.persistence.DbConnection.open(DbConnection.java:38)
	at pucrs.gcs.cdl.persistence.DbConnection.queryInsert(DbConnection.java:185)
	at pucrs.gcs.cdl.persistence.DbConnection.createTable(DbConnection.java:53)
	at pucrs.gcs.cdl.persistence.DbConnection.open(DbConnection.java:38)
	at pucrs.gcs.cdl.persistence.DbConnection.queryInsert(DbConnection.java:185)
	at pucrs.gcs.cdl.persistence.DbConnection.createTable(DbConnection.java:53)
	at pucrs.gcs.cdl.persistence.DbConnection.open(DbConnection.java:38)
	at pucrs.gcs.cdl.persistence.DbConnection.queryInsert(DbConnection.java:185)
	at pucrs.gcs.cdl.persistence.DbConnection.createTable(DbConnection.java:53)
	at pucrs.gcs.cdl.persistence.DbConnection.open(DbConnection.java:38)
	at pucrs.gcs.cdl.persistence.DbConnection.queryInsert(DbConnection.java:185)
	at pucrs.gcs.cdl.persistence.DbConnection.createTable(DbConnection.java:53)
	at pucrs.gcs.cdl.persistence.DbConnection.open(DbConnection.java:38)
	at pucrs.gcs.cdl.persistence.DbConnection.queryInsert(DbConnection.java:185)
	at pucrs.gcs.cdl.persistence.DbConnection.createTable(DbConnection.java:53)
	at pucrs.gcs.cdl.persistence.DbConnection.open(DbConnection.java:38)
	at pucrs.gcs.cdl.persistence.DbConnection.queryInsert(DbConnection.java:185)
	at pucrs.gcs.cdl.persistence.DbConnection.createTable(DbConnection.java:53)
	at pucrs.gcs.cdl.persistence.DbConnection.open(DbConnection.java:38)
	at pucrs.gcs.cdl.persistence.DbConnection.queryInsert(DbConnection.java:185)
	at pucrs.gcs.cdl.persistence.DbConnection.createTable(DbConnection.java:53)
	at pucrs.gcs.cdl.persistence.DbConnection.open(DbConnection.java:38)
	at pucrs.gcs.cdl.persistence.DbConnection.queryInsert(DbConnection.java:185)
	at pucrs.gcs.cdl.persistence.DbConnection.createTable(DbConnection.java:53)
	at pucrs.gcs.cdl.persistence.DbConnection.open(DbConnection.java:38)
	at pucrs.gcs.cdl.persistence.DbConnection.queryInsert(DbConnection.java:185)
	at pucrs.gcs.cdl.persistence.DbConnection.createTable(DbConnection.java:53)
	at pucrs.gcs.cdl.persistence.DbConnection.open(DbConnection.java:38)
	at pucrs.gcs.cdl.persistence.DbConnection.queryInsert(DbConnection.java:185)
	at pucrs.gcs.cdl.persistence.DbConnection.createTable(DbConnection.java:53)
	at pucrs.gcs.cdl.persistence.DbConnection.open(DbConnection.java:38)
	at pucrs.gcs.cdl.persistence.DbConnection.queryInsert(DbConnection.java:185)
	at pucrs.gcs.cdl.persistence.DbConnection.createTable(DbConnection.java:53)
	at pucrs.gcs.cdl.persistence.DbConnection.open(DbConnection.java:38)
	at pucrs.gcs.cdl.persistence.DbConnection.queryInsert(DbConnection.java:185)
	at pucrs.gcs.cdl.persistence.DbConnection.createTable(DbConnection.java:53)
	at pucrs.gcs.cdl.persistence.DbConnection.open(DbConnection.java:38)
	at pucrs.gcs.cdl.persistence.DbConnection.queryInsert(DbConnection.java:185)
	at pucrs.gcs.cdl.persistence.DbConnection.createTable(DbConnection.java:53)
	at pucrs.gcs.cdl.persistence.DbConnection.open(DbConnection.java:38)
	at pucrs.gcs.cdl.persistence.DbConnection.queryInsert(DbConnection.java:185)
	at pucrs.gcs.cdl.persistence.DbConnection.createTable(DbConnection.java:53)
	at pucrs.gcs.cdl.persistence.DbConnection.open(DbConnection.java:38)
	at pucrs.gcs.cdl.persistence.DbConnection.queryInsert(DbConnection.java:185)
	at pucrs.gcs.cdl.persistence.DbConnection.createTable(DbConnection.java:53)
	at pucrs.gcs.cdl.persistence.DbConnection.open(DbConnection.java:38)
	at pucrs.gcs.cdl.persistence.DbConnection.queryInsert(DbConnection.java:185)
	at pucrs.gcs.cdl.persistence.DbConnection.createTable(DbConnection.java:53)
	at pucrs.gcs.cdl.persistence.DbConnection.open(DbConnection.java:38)
	at pucrs.gcs.cdl.persistence.DbConnection.queryInsert(DbConnection.java:185)
	at pucrs.gcs.cdl.persistence.DbConnection.createTable(DbConnection.java:53)
	at pucrs.gcs.cdl.persistence.DbConnection.open(DbConnection.java:38)
	at pucrs.gcs.cdl.persistence.DbConnection.queryInsert(DbConnection.java:185)
	at pucrs.gcs.cdl.persistence.DbConnection.createTable(DbConnection.java:53)
	at pucrs.gcs.cdl.persistence.DbConnection.open(DbConnection.java:38)
	at pucrs.gcs.cdl.persistence.DbConnection.queryInsert(DbConnection.java:185)
	at pucrs.gcs.cdl.persistence.DbConnection.createTable(DbConnection.java:53)
	at pucrs.gcs.cdl.persistence.DbConnection.open(DbConnection.java:38)
	at pucrs.gcs.cdl.persistence.DbConnection.queryInsert(DbConnection.java:185)
	at pucrs.gcs.cdl.persistence.DbConnection.createTable(DbConnection.java:53)
	at pucrs.gcs.cdl.persistence.DbConnection.open(DbConnection.java:38)
	at pucrs.gcs.cdl.persistence.DbConnection.queryInsert(DbConnection.java:185)
	at pucrs.gcs.cdl.persistence.DbConnection.createTable(DbConnection.java:53)
	at pucrs.gcs.cdl.persistence.DbConnection.open(DbConnection.java:38)
	at pucrs.gcs.cdl.persistence.DbConnection.queryInsert(DbConnection.java:185)
	at pucrs.gcs.cdl.persistence.DbConnection.createTable(DbConnection.java:53)
	at pucrs.gcs.cdl.persistence.DbConnection.open(DbConnection.java:38)
	at pucrs.gcs.cdl.persistence.DbConnection.queryInsert(DbConnection.java:185)
	at pucrs.gcs.cdl.persistence.DbConnection.createTable(DbConnection.java:53)
	at pucrs.gcs.cdl.persistence.DbConnection.open(DbConnection.java:38)
	at pucrs.gcs.cdl.persistence.DbConnection.queryInsert(DbConnection.java:185)
	at pucrs.gcs.cdl.persistence.DbConnection.createTable(DbConnection.java:53)
	at pucrs.gcs.cdl.persistence.DbConnection.open(DbConnection.java:38)
	at pucrs.gcs.cdl.persistence.DbConnection.queryInsert(DbConnection.java:185)
	at pucrs.gcs.cdl.persistence.DbConnection.createTable(DbConnection.java:53)
	at pucrs.gcs.cdl.persistence.DbConnection.open(DbConnection.java:38)
	at pucrs.gcs.cdl.persistence.DbConnection.queryInsert(DbConnection.java:185)
	at pucrs.gcs.cdl.persistence.DbConnection.createTable(DbConnection.java:53)
	at pucrs.gcs.cdl.persistence.DbConnection.open(DbConnection.java:38)
	at pucrs.gcs.cdl.persistence.DbConnection.queryInsert(DbConnection.java:185)
	at pucrs.gcs.cdl.persistence.DbConnection.createTable(DbConnection.java:53)
	at pucrs.gcs.cdl.persistence.DbConnection.open(DbConnection.java:38)
	at pucrs.gcs.cdl.persistence.DbConnection.queryInsert(DbConnection.java:185)
	at pucrs.gcs.cdl.persistence.DbConnection.createTable(DbConnection.java:53)
	at pucrs.gcs.cdl.persistence.DbConnection.open(DbConnection.java:38)
	at pucrs.gcs.cdl.persistence.DbConnection.queryInsert(DbConnection.java:185)
	at pucrs.gcs.cdl.persistence.DbConnection.createTable(DbConnection.java:53)
	at pucrs.gcs.cdl.persistence.DbConnection.open(DbConnection.java:38)
	at pucrs.gcs.cdl.persistence.DbConnection.queryInsert(DbConnection.java:185)
	at pucrs.gcs.cdl.persistence.DbConnection.createTable(DbConnection.java:53)
	at pucrs.gcs.cdl.persistence.DbConnection.open(DbConnection.java:38)
	at pucrs.gcs.cdl.persistence.DbConnection.queryInsert(DbConnection.java:185)
	at pucrs.gcs.cdl.persistence.DbConnection.createTable(DbConnection.java:53)
	at pucrs.gcs.cdl.persistence.DbConnection.open(DbConnection.java:38)
	at pucrs.gcs.cdl.persistence.DbConnection.queryInsert(DbConnection.java:185)
	at pucrs.gcs.cdl.persistence.DbConnection.createTable(DbConnection.java:53)
	at pucrs.gcs.cdl.persistence.DbConnection.open(DbConnection.java:38)
	at pucrs.gcs.cdl.persistence.DbConnection.queryInsert(DbConnection.java:185)
	at pucrs.gcs.cdl.persistence.DbConnection.createTable(DbConnection.java:53)
	at pucrs.gcs.cdl.persistence.DbConnection.open(DbConnection.java:38)
	at pucrs.gcs.cdl.persistence.DbConnection.queryInsert(DbConnection.java:185)
	at pucrs.gcs.cdl.persistence.DbConnection.createTable(DbConnection.java:53)
	at pucrs.gcs.cdl.persistence.DbConnection.open(DbConnection.java:38)
	at pucrs.gcs.cdl.persistence.DbConnection.queryInsert(DbConnection.java:185)
	at pucrs.gcs.cdl.persistence.DbConnection.createTable(DbConnection.java:53)
	at pucrs.gcs.cdl.persistence.DbConnection.open(DbConnection.java:38)
	at pucrs.gcs.cdl.persistence.DbConnection.queryInsert(DbConnection.java:185)
	at pucrs.gcs.cdl.persistence.DbConnection.createTable(DbConnection.java:53)
	at pucrs.gcs.cdl.persistence.DbConnection.open(DbConnection.java:38)
	at pucrs.gcs.cdl.persistence.DbConnection.queryInsert(DbConnection.java:185)
	at pucrs.gcs.cdl.persistence.DbConnection.createTable(DbConnection.java:53)
	at pucrs.gcs.cdl.persistence.DbConnection.open(DbConnection.java:38)
	at pucrs.gcs.cdl.persistence.DbConnection.queryInsert(DbConnection.java:185)
	at pucrs.gcs.cdl.persistence.DbConnection.createTable(DbConnection.java:53)
	at pucrs.gcs.cdl.persistence.DbConnection.open(DbConnection.java:38)
	at pucrs.gcs.cdl.persistence.DbConnection.queryInsert(DbConnection.java:185)
	at pucrs.gcs.cdl.persistence.DbConnection.createTable(DbConnection.java:53)
	at pucrs.gcs.cdl.persistence.DbConnection.open(DbConnection.java:38)
	at pucrs.gcs.cdl.persistence.DbConnection.queryInsert(DbConnection.java:185)
	at pucrs.gcs.cdl.persistence.DbConnection.createTable(DbConnection.java:53)
	at pucrs.gcs.cdl.persistence.DbConnection.open(DbConnection.java:38)
	at pucrs.gcs.cdl.persistence.DbConnection.queryInsert(DbConnection.java:185)
	at pucrs.gcs.cdl.persistence.DbConnection.createTable(DbConnection.java:53)
	at pucrs.gcs.cdl.persistence.DbConnection.open(DbConnection.java:38)
	at pucrs.gcs.cdl.persistence.DbConnection.queryInsert(DbConnection.java:185)
	at pucrs.gcs.cdl.persistence.DbConnection.createTable(DbConnection.java:53)
	at pucrs.gcs.cdl.persistence.DbConnection.open(DbConnection.java:38)
	at pucrs.gcs.cdl.persistence.DbConnection.queryInsert(DbConnection.java:185)
	at pucrs.gcs.cdl.persistence.DbConnection.createTable(DbConnection.java:53)
	at pucrs.gcs.cdl.persistence.DbConnection.open(DbConnection.java:38)
	at pucrs.gcs.cdl.persistence.DbConnection.queryInsert(DbConnection.java:185)
	at pucrs.gcs.cdl.persistence.DbConnection.createTable(DbConnection.java:53)
	at pucrs.gcs.cdl.persistence.DbConnection.open(DbConnection.java:38)
	at pucrs.gcs.cdl.persistence.DbConnection.queryInsert(DbConnection.java:185)
	at pucrs.gcs.cdl.persistence.DbConnection.createTable(DbConnection.java:53)
	at pucrs.gcs.cdl.persistence.DbConnection.open(DbConnection.java:38)
	at pucrs.gcs.cdl.persistence.DbConnection.queryInsert(DbConnection.java:185)
	at pucrs.gcs.cdl.persistence.DbConnection.createTable(DbConnection.java:53)
	at pucrs.gcs.cdl.persistence.DbConnection.open(DbConnection.java:38)
	at pucrs.gcs.cdl.persistence.DbConnection.queryInsert(DbConnection.java:185)
	at pucrs.gcs.cdl.persistence.DbConnection.createTable(DbConnection.java:53)
	at pucrs.gcs.cdl.persistence.DbConnection.open(DbConnection.java:38)
	at pucrs.gcs.cdl.persistence.DbConnection.queryInsert(DbConnection.java:185)
	at pucrs.gcs.cdl.persistence.DbConnection.createTable(DbConnection.java:53)
	at pucrs.gcs.cdl.persistence.DbConnection.open(DbConnection.java:38)
	at pucrs.gcs.cdl.persistence.DbConnection.queryInsert(DbConnection.java:185)
	at pucrs.gcs.cdl.persistence.DbConnection.createTable(DbConnection.java:53)
	at pucrs.gcs.cdl.persistence.DbConnection.open(DbConnection.java:38)
	at pucrs.gcs.cdl.persistence.DbConnection.queryInsert(DbConnection.java:185)
	at pucrs.gcs.cdl.persistence.DbConnection.createTable(DbConnection.java:53)
	at pucrs.gcs.cdl.persistence.DbConnection.open(DbConnection.java:38)
	at pucrs.gcs.cdl.persistence.DbConnection.queryInsert(DbConnection.java:185)
	at pucrs.gcs.cdl.persistence.DbConnection.createTable(DbConnection.java:53)
	at pucrs.gcs.cdl.persistence.DbConnection.open(DbConnection.java:38)
	at pucrs.gcs.cdl.persistence.DbConnection.queryInsert(DbConnection.java:185)
	at pucrs.gcs.cdl.persistence.DbConnection.createTable(DbConnection.java:53)
	at pucrs.gcs.cdl.persistence.DbConnection.open(DbConnection.java:38)
	at pucrs.gcs.cdl.persistence.DbConnection.queryInsert(DbConnection.java:185)
	at pucrs.gcs.cdl.persistence.DbConnection.createTable(DbConnection.java:53)
	at pucrs.gcs.cdl.persistence.DbConnection.open(DbConnection.java:38)
	at pucrs.gcs.cdl.persistence.DbConnection.queryInsert(DbConnection.java:185)
	at pucrs.gcs.cdl.persistence.DbConnection.createTable(DbConnection.java:53)
	at pucrs.gcs.cdl.persistence.DbConnection.open(DbConnection.java:38)
	at pucrs.gcs.cdl.persistence.DbConnection.queryInsert(DbConnection.java:185)
	at pucrs.gcs.cdl.persistence.DbConnection.createTable(DbConnection.java:53)
	at pucrs.gcs.cdl.persistence.DbConnection.open(DbConnection.java:38)
	at pucrs.gcs.cdl.persistence.DbConnection.queryInsert(DbConnection.java:185)
	at pucrs.gcs.cdl.persistence.DbConnection.createTable(DbConnection.java:53)
	at pucrs.gcs.cdl.persistence.DbConnection.open(DbConnection.java:38)
	at pucrs.gcs.cdl.persistence.DbConnection.queryInsert(DbConnection.java:185)
	at pucrs.gcs.cdl.persistence.DbConnection.createTable(DbConnection.java:53)
	at pucrs.gcs.cdl.persistence.DbConnection.open(DbConnection.java:38)
	at pucrs.gcs.cdl.persistence.DbConnection.queryInsert(DbConnection.java:185)
	at pucrs.gcs.cdl.persistence.DbConnection.createTable(DbConnection.java:53)
	at pucrs.gcs.cdl.persistence.DbConnection.open(DbConnection.java:38)
	at pucrs.gcs.cdl.persistence.DbConnection.queryInsert(DbConnection.java:185)
	at pucrs.gcs.cdl.persistence.DbConnection.createTable(DbConnection.java:53)
	at pucrs.gcs.cdl.persistence.DbConnection.open(DbConnection.java:38)
	at pucrs.gcs.cdl.persistence.DbConnection.queryInsert(DbConnection.java:185)

getClientes(DbConnectionTest)  Time elapsed: 5.282 sec  <<< ERROR!
java.lang.StackOverflowError
	at org.h2.message.DbException.convert(DbException.java:296)
	at org.h2.command.Command.executeQuery(Command.java:216)
	at org.h2.jdbc.JdbcPreparedStatement.executeQuery(JdbcPreparedStatement.java:114)
	at org.h2.jdbc.JdbcDatabaseMetaData.getTables(JdbcDatabaseMetaData.java:224)
	at pucrs.gcs.cdl.persistence.DbConnection.tableExists(DbConnection.java:48)
	at pucrs.gcs.cdl.persistence.DbConnection.open(DbConnection.java:37)
	at pucrs.gcs.cdl.persistence.DbConnection.queryInsert(DbConnection.java:185)
	at pucrs.gcs.cdl.persistence.DbConnection.createTable(DbConnection.java:53)
	at pucrs.gcs.cdl.persistence.DbConnection.open(DbConnection.java:38)
	at pucrs.gcs.cdl.persistence.DbConnection.queryInsert(DbConnection.java:185)
	at pucrs.gcs.cdl.persistence.DbConnection.createTable(DbConnection.java:53)
	at pucrs.gcs.cdl.persistence.DbConnection.open(DbConnection.java:38)
	at pucrs.gcs.cdl.persistence.DbConnection.queryInsert(DbConnection.java:185)
	at pucrs.gcs.cdl.persistence.DbConnection.createTable(DbConnection.java:53)
	at pucrs.gcs.cdl.persistence.DbConnection.open(DbConnection.java:38)
	at pucrs.gcs.cdl.persistence.DbConnection.queryInsert(DbConnection.java:185)
	at pucrs.gcs.cdl.persistence.DbConnection.createTable(DbConnection.java:53)
	at pucrs.gcs.cdl.persistence.DbConnection.open(DbConnection.java:38)
	at pucrs.gcs.cdl.persistence.DbConnection.queryInsert(DbConnection.java:185)
	at pucrs.gcs.cdl.persistence.DbConnection.createTable(DbConnection.java:53)
	at pucrs.gcs.cdl.persistence.DbConnection.open(DbConnection.java:38)
	at pucrs.gcs.cdl.persistence.DbConnection.queryInsert(DbConnection.java:185)
	at pucrs.gcs.cdl.persistence.DbConnection.createTable(DbConnection.java:53)
	at pucrs.gcs.cdl.persistence.DbConnection.open(DbConnection.java:38)
	at pucrs.gcs.cdl.persistence.DbConnection.queryInsert(DbConnection.java:185)
	at pucrs.gcs.cdl.persistence.DbConnection.createTable(DbConnection.java:53)
	at pucrs.gcs.cdl.persistence.DbConnection.open(DbConnection.java:38)
	at pucrs.gcs.cdl.persistence.DbConnection.queryInsert(DbConnection.java:185)
	at pucrs.gcs.cdl.persistence.DbConnection.createTable(DbConnection.java:53)
	at pucrs.gcs.cdl.persistence.DbConnection.open(DbConnection.java:38)
	at pucrs.gcs.cdl.persistence.DbConnection.queryInsert(DbConnection.java:185)
	at pucrs.gcs.cdl.persistence.DbConnection.createTable(DbConnection.java:53)
	at pucrs.gcs.cdl.persistence.DbConnection.open(DbConnection.java:38)
	at pucrs.gcs.cdl.persistence.DbConnection.queryInsert(DbConnection.java:185)
	at pucrs.gcs.cdl.persistence.DbConnection.createTable(DbConnection.java:53)
	at pucrs.gcs.cdl.persistence.DbConnection.open(DbConnection.java:38)
[...]
	at pucrs.gcs.cdl.persistence.DbConnection.open(DbConnection.java:38)
	at pucrs.gcs.cdl.persistence.DbConnection.queryInsert(DbConnection.java:185)
	at pucrs.gcs.cdl.persistence.DbConnection.createTable(DbConnection.java:53)
	at pucrs.gcs.cdl.persistence.DbConnection.open(DbConnection.java:38)
	at pucrs.gcs.cdl.persistence.DbConnection.queryInsert(DbConnection.java:185)
	at pucrs.gcs.cdl.persistence.DbConnection.createTable(DbConnection.java:53)
	at pucrs.gcs.cdl.persistence.DbConnection.open(DbConnection.java:38)
	at pucrs.gcs.cdl.persistence.DbConnection.queryInsert(DbConnection.java:185)
	at pucrs.gcs.cdl.persistence.DbConnection.createTable(DbConnection.java:53)
	at pucrs.gcs.cdl.persistence.DbConnection.open(DbConnection.java:38)
	at pucrs.gcs.cdl.persistence.DbConnection.queryInsert(DbConnection.java:185)
	at pucrs.gcs.cdl.persistence.DbConnection.createTable(DbConnection.java:53)
	at pucrs.gcs.cdl.persistence.DbConnection.open(DbConnection.java:38)
	at pucrs.gcs.cdl.persistence.DbConnection.queryInsert(DbConnection.java:185)
	at pucrs.gcs.cdl.persistence.DbConnection.createTable(DbConnection.java:53)
	at pucrs.gcs.cdl.persistence.DbConnection.open(DbConnection.java:38)
	at pucrs.gcs.cdl.persistence.DbConnection.queryInsert(DbConnection.java:185)
	at pucrs.gcs.cdl.persistence.DbConnection.createTable(DbConnection.java:53)
	at pucrs.gcs.cdl.persistence.DbConnection.open(DbConnection.java:38)
	at pucrs.gcs.cdl.persistence.DbConnection.queryInsert(DbConnection.java:185)
	at pucrs.gcs.cdl.persistence.DbConnection.createTable(DbConnection.java:53)
	at pucrs.gcs.cdl.persistence.DbConnection.open(DbConnection.java:38)
	at pucrs.gcs.cdl.persistence.DbConnection.queryInsert(DbConnection.java:185)
	at pucrs.gcs.cdl.persistence.DbConnection.createTable(DbConnection.java:53)
	at pucrs.gcs.cdl.persistence.DbConnection.open(DbConnection.java:38)
	at pucrs.gcs.cdl.persistence.DbConnection.queryInsert(DbConnection.java:185)
	at pucrs.gcs.cdl.persistence.DbConnection.createTable(DbConnection.java:53)
	at pucrs.gcs.cdl.persistence.DbConnection.open(DbConnection.java:38)
	at pucrs.gcs.cdl.persistence.DbConnection.queryInsert(DbConnection.java:185)
	at pucrs.gcs.cdl.persistence.DbConnection.createTable(DbConnection.java:53)
	at pucrs.gcs.cdl.persistence.DbConnection.open(DbConnection.java:38)
	at pucrs.gcs.cdl.persistence.DbConnection.queryInsert(DbConnection.java:185)
	at pucrs.gcs.cdl.persistence.DbConnection.createTable(DbConnection.java:53)
	at pucrs.gcs.cdl.persistence.DbConnection.open(DbConnection.java:38)
	at pucrs.gcs.cdl.persistence.DbConnection.queryInsert(DbConnection.java:185)
	at pucrs.gcs.cdl.persistence.DbConnection.createTable(DbConnection.java:53)
	at pucrs.gcs.cdl.persistence.DbConnection.open(DbConnection.java:38)
	at pucrs.gcs.cdl.persistence.DbConnection.queryInsert(DbConnection.java:185)
	at pucrs.gcs.cdl.persistence.DbConnection.createTable(DbConnection.java:53)
	at pucrs.gcs.cdl.persistence.DbConnection.open(DbConnection.java:38)
	at pucrs.gcs.cdl.persistence.DbConnection.queryInsert(DbConnection.java:185)
	at pucrs.gcs.cdl.persistence.DbConnection.createTable(DbConnection.java:53)
	at pucrs.gcs.cdl.persistence.DbConnection.open(DbConnection.java:38)
	at pucrs.gcs.cdl.persistence.DbConnection.queryInsert(DbConnection.java:185)
	at pucrs.gcs.cdl.persistence.DbConnection.createTable(DbConnection.java:53)
	at pucrs.gcs.cdl.persistence.DbConnection.open(DbConnection.java:38)
	at pucrs.gcs.cdl.persistence.DbConnection.queryInsert(DbConnection.java:185)
	at pucrs.gcs.cdl.persistence.DbConnection.createTable(DbConnection.java:53)
	at pucrs.gcs.cdl.persistence.DbConnection.open(DbConnection.java:38)
	at pucrs.gcs.cdl.persistence.DbConnection.queryInsert(DbConnection.java:185)
	at pucrs.gcs.cdl.persistence.DbConnection.createTable(DbConnection.java:53)
	at pucrs.gcs.cdl.persistence.DbConnection.open(DbConnection.java:38)
	at pucrs.gcs.cdl.persistence.DbConnection.queryInsert(DbConnection.java:185)
	at pucrs.gcs.cdl.persistence.DbConnection.createTable(DbConnection.java:53)
	at pucrs.gcs.cdl.persistence.DbConnection.open(DbConnection.java:38)
	at pucrs.gcs.cdl.persistence.DbConnection.queryInsert(DbConnection.java:185)
	at pucrs.gcs.cdl.persistence.DbConnection.createTable(DbConnection.java:53)
	at pucrs.gcs.cdl.persistence.DbConnection.open(DbConnection.java:38)
	at pucrs.gcs.cdl.persistence.DbConnection.queryInsert(DbConnection.java:185)
	at pucrs.gcs.cdl.persistence.DbConnection.createTable(DbConnection.java:53)
	at pucrs.gcs.cdl.persistence.DbConnection.open(DbConnection.java:38)
	at pucrs.gcs.cdl.persistence.DbConnection.queryInsert(DbConnection.java:185)
	at pucrs.gcs.cdl.persistence.DbConnection.createTable(DbConnection.java:53)
	at pucrs.gcs.cdl.persistence.DbConnection.open(DbConnection.java:38)
	at pucrs.gcs.cdl.persistence.DbConnection.queryInsert(DbConnection.java:185)
	at pucrs.gcs.cdl.persistence.DbConnection.createTable(DbConnection.java:53)
	at pucrs.gcs.cdl.persistence.DbConnection.open(DbConnection.java:38)
	at pucrs.gcs.cdl.persistence.DbConnection.queryInsert(DbConnection.java:185)
	at pucrs.gcs.cdl.persistence.DbConnection.createTable(DbConnection.java:53)
	at pucrs.gcs.cdl.persistence.DbConnection.open(DbConnection.java:38)
	at pucrs.gcs.cdl.persistence.DbConnection.queryInsert(DbConnection.java:185)
	at pucrs.gcs.cdl.persistence.DbConnection.createTable(DbConnection.java:53)
	at pucrs.gcs.cdl.persistence.DbConnection.open(DbConnection.java:38)
	at pucrs.gcs.cdl.persistence.DbConnection.queryInsert(DbConnection.java:185)
	at pucrs.gcs.cdl.persistence.DbConnection.createTable(DbConnection.java:53)
	at pucrs.gcs.cdl.persistence.DbConnection.open(DbConnection.java:38)
	at pucrs.gcs.cdl.persistence.DbConnection.queryInsert(DbConnection.java:185)
	at pucrs.gcs.cdl.persistence.DbConnection.createTable(DbConnection.java:53)
	at pucrs.gcs.cdl.persistence.DbConnection.open(DbConnection.java:38)
	at pucrs.gcs.cdl.persistence.DbConnection.queryInsert(DbConnection.java:185)
	at pucrs.gcs.cdl.persistence.DbConnection.createTable(DbConnection.java:53)
	at pucrs.gcs.cdl.persistence.DbConnection.open(DbConnection.java:38)
	at pucrs.gcs.cdl.persistence.DbConnection.queryInsert(DbConnection.java:185)
	at pucrs.gcs.cdl.persistence.DbConnection.createTable(DbConnection.java:53)
	at pucrs.gcs.cdl.persistence.DbConnection.open(DbConnection.java:38)
	at pucrs.gcs.cdl.persistence.DbConnection.queryInsert(DbConnection.java:185)
	at pucrs.gcs.cdl.persistence.DbConnection.createTable(DbConnection.java:53)
	at pucrs.gcs.cdl.persistence.DbConnection.open(DbConnection.java:38)
	at pucrs.gcs.cdl.persistence.DbConnection.queryInsert(DbConnection.java:185)
	at pucrs.gcs.cdl.persistence.DbConnection.createTable(DbConnection.java:53)
	at pucrs.gcs.cdl.persistence.DbConnection.open(DbConnection.java:38)
	at pucrs.gcs.cdl.persistence.DbConnection.queryInsert(DbConnection.java:185)
	at pucrs.gcs.cdl.persistence.DbConnection.createTable(DbConnection.java:53)
	at pucrs.gcs.cdl.persistence.DbConnection.open(DbConnection.java:38)
	at pucrs.gcs.cdl.persistence.DbConnection.queryInsert(DbConnection.java:185)
	at pucrs.gcs.cdl.persistence.DbConnection.createTable(DbConnection.java:53)
	at pucrs.gcs.cdl.persistence.DbConnection.open(DbConnection.java:38)
	at pucrs.gcs.cdl.persistence.DbConnection.queryInsert(DbConnection.java:185)
	at pucrs.gcs.cdl.persistence.DbConnection.createTable(DbConnection.java:53)
	at pucrs.gcs.cdl.persistence.DbConnection.open(DbConnection.java:38)
	at pucrs.gcs.cdl.persistence.DbConnection.queryInsert(DbConnection.java:185)
	at pucrs.gcs.cdl.persistence.DbConnection.createTable(DbConnection.java:53)
	at pucrs.gcs.cdl.persistence.DbConnection.open(DbConnection.java:38)
	at pucrs.gcs.cdl.persistence.DbConnection.queryInsert(DbConnection.java:185)
	at pucrs.gcs.cdl.persistence.DbConnection.createTable(DbConnection.java:53)
	at pucrs.gcs.cdl.persistence.DbConnection.open(DbConnection.java:38)
	at pucrs.gcs.cdl.persistence.DbConnection.queryInsert(DbConnection.java:185)
	at pucrs.gcs.cdl.persistence.DbConnection.createTable(DbConnection.java:53)
	at pucrs.gcs.cdl.persistence.DbConnection.open(DbConnection.java:38)
	at pucrs.gcs.cdl.persistence.DbConnection.queryInsert(DbConnection.java:185)
	at pucrs.gcs.cdl.persistence.DbConnection.createTable(DbConnection.java:53)
	at pucrs.gcs.cdl.persistence.DbConnection.open(DbConnection.java:38)
	at pucrs.gcs.cdl.persistence.DbConnection.queryInsert(DbConnection.java:185)
	at pucrs.gcs.cdl.persistence.DbConnection.createTable(DbConnection.java:53)
	at pucrs.gcs.cdl.persistence.DbConnection.open(DbConnection.java:38)
	at pucrs.gcs.cdl.persistence.DbConnection.queryInsert(DbConnection.java:185)
	at pucrs.gcs.cdl.persistence.DbConnection.createTable(DbConnection.java:53)
	at pucrs.gcs.cdl.persistence.DbConnection.open(DbConnection.java:38)
	at pucrs.gcs.cdl.persistence.DbConnection.queryInsert(DbConnection.java:185)
	at pucrs.gcs.cdl.persistence.DbConnection.createTable(DbConnection.java:53)
	at pucrs.gcs.cdl.persistence.DbConnection.open(DbConnection.java:38)
	at pucrs.gcs.cdl.persistence.DbConnection.queryInsert(DbConnection.java:185)
	at pucrs.gcs.cdl.persistence.DbConnection.createTable(DbConnection.java:53)
	at pucrs.gcs.cdl.persistence.DbConnection.open(DbConnection.java:38)
	at pucrs.gcs.cdl.persistence.DbConnection.queryInsert(DbConnection.java:185)
	at pucrs.gcs.cdl.persistence.DbConnection.createTable(DbConnection.java:53)
	at pucrs.gcs.cdl.persistence.DbConnection.open(DbConnection.java:38)
	at pucrs.gcs.cdl.persistence.DbConnection.queryInsert(DbConnection.java:185)
	at pucrs.gcs.cdl.persistence.DbConnection.createTable(DbConnection.java:53)
	at pucrs.gcs.cdl.persistence.DbConnection.open(DbConnection.java:38)
	at pucrs.gcs.cdl.persistence.DbConnection.queryInsert(DbConnection.java:185)
	at pucrs.gcs.cdl.persistence.DbConnection.createTable(DbConnection.java:53)
	at pucrs.gcs.cdl.persistence.DbConnection.open(DbConnection.java:38)
	at pucrs.gcs.cdl.persistence.DbConnection.queryInsert(DbConnection.java:185)
	at pucrs.gcs.cdl.persistence.DbConnection.createTable(DbConnection.java:53)
	at pucrs.gcs.cdl.persistence.DbConnection.open(DbConnection.java:38)
	at pucrs.gcs.cdl.persistence.DbConnection.queryInsert(DbConnection.java:185)
	at pucrs.gcs.cdl.persistence.DbConnection.createTable(DbConnection.java:53)
	at pucrs.gcs.cdl.persistence.DbConnection.open(DbConnection.java:38)
	at pucrs.gcs.cdl.persistence.DbConnection.queryInsert(DbConnection.java:185)
	at pucrs.gcs.cdl.persistence.DbConnection.createTable(DbConnection.java:53)
	at pucrs.gcs.cdl.persistence.DbConnection.open(DbConnection.java:38)
	at pucrs.gcs.cdl.persistence.DbConnection.queryInsert(DbConnection.java:185)
	at pucrs.gcs.cdl.persistence.DbConnection.createTable(DbConnection.java:53)
	at pucrs.gcs.cdl.persistence.DbConnection.open(DbConnection.java:38)
	at pucrs.gcs.cdl.persistence.DbConnection.queryInsert(DbConnection.java:185)
	at pucrs.gcs.cdl.persistence.DbConnection.createTable(DbConnection.java:53)
	at pucrs.gcs.cdl.persistence.DbConnection.open(DbConnection.java:38)
	at pucrs.gcs.cdl.persistence.DbConnection.queryInsert(DbConnection.java:185)
	at pucrs.gcs.cdl.persistence.DbConnection.createTable(DbConnection.java:53)
	at pucrs.gcs.cdl.persistence.DbConnection.open(DbConnection.java:38)
	at pucrs.gcs.cdl.persistence.DbConnection.queryInsert(DbConnection.java:185)
	at pucrs.gcs.cdl.persistence.DbConnection.createTable(DbConnection.java:53)
	at pucrs.gcs.cdl.persistence.DbConnection.open(DbConnection.java:38)
	at pucrs.gcs.cdl.persistence.DbConnection.queryInsert(DbConnection.java:185)
	at pucrs.gcs.cdl.persistence.DbConnection.createTable(DbConnection.java:53)
	at pucrs.gcs.cdl.persistence.DbConnection.open(DbConnection.java:38)
	at pucrs.gcs.cdl.persistence.DbConnection.queryInsert(DbConnection.java:185)
	at pucrs.gcs.cdl.persistence.DbConnection.createTable(DbConnection.java:53)
	at pucrs.gcs.cdl.persistence.DbConnection.open(DbConnection.java:38)
	at pucrs.gcs.cdl.persistence.DbConnection.queryInsert(DbConnection.java:185)
	at pucrs.gcs.cdl.persistence.DbConnection.createTable(DbConnection.java:53)
	at pucrs.gcs.cdl.persistence.DbConnection.open(DbConnection.java:38)
	at pucrs.gcs.cdl.persistence.DbConnection.queryInsert(DbConnection.java:185)
	at pucrs.gcs.cdl.persistence.DbConnection.createTable(DbConnection.java:53)
	at pucrs.gcs.cdl.persistence.DbConnection.open(DbConnection.java:38)
	at pucrs.gcs.cdl.persistence.DbConnection.queryInsert(DbConnection.java:185)
	at pucrs.gcs.cdl.persistence.DbConnection.createTable(DbConnection.java:53)
	at pucrs.gcs.cdl.persistence.DbConnection.open(DbConnection.java:38)
	at pucrs.gcs.cdl.persistence.DbConnection.queryInsert(DbConnection.java:185)
	at pucrs.gcs.cdl.persistence.DbConnection.createTable(DbConnection.java:53)
	at pucrs.gcs.cdl.persistence.DbConnection.open(DbConnection.java:38)
	at pucrs.gcs.cdl.persistence.DbConnection.queryInsert(DbConnection.java:185)
	at pucrs.gcs.cdl.persistence.DbConnection.createTable(DbConnection.java:53)
	at pucrs.gcs.cdl.persistence.DbConnection.open(DbConnection.java:38)
	at pucrs.gcs.cdl.persistence.DbConnection.queryInsert(DbConnection.java:185)
	at pucrs.gcs.cdl.persistence.DbConnection.createTable(DbConnection.java:53)
	at pucrs.gcs.cdl.persistence.DbConnection.open(DbConnection.java:38)
	at pucrs.gcs.cdl.persistence.DbConnection.queryInsert(DbConnection.java:185)
	at pucrs.gcs.cdl.persistence.DbConnection.createTable(DbConnection.java:53)
	at pucrs.gcs.cdl.persistence.DbConnection.open(DbConnection.java:38)
	at pucrs.gcs.cdl.persistence.DbConnection.queryInsert(DbConnection.java:185)
	at pucrs.gcs.cdl.persistence.DbConnection.createTable(DbConnection.java:53)
	at pucrs.gcs.cdl.persistence.DbConnection.open(DbConnection.java:38)
	at pucrs.gcs.cdl.persistence.DbConnection.queryInsert(DbConnection.java:185)
	at pucrs.gcs.cdl.persistence.DbConnection.createTable(DbConnection.java:53)
	at pucrs.gcs.cdl.persistence.DbConnection.open(DbConnection.java:38)
	at pucrs.gcs.cdl.persistence.DbConnection.queryInsert(DbConnection.java:185)
	at pucrs.gcs.cdl.persistence.DbConnection.createTable(DbConnection.java:53)
	at pucrs.gcs.cdl.persistence.DbConnection.open(DbConnection.java:38)
	at pucrs.gcs.cdl.persistence.DbConnection.queryInsert(DbConnection.java:185)
	at pucrs.gcs.cdl.persistence.DbConnection.createTable(DbConnection.java:53)
	at pucrs.gcs.cdl.persistence.DbConnection.open(DbConnection.java:38)
	at pucrs.gcs.cdl.persistence.DbConnection.queryInsert(DbConnection.java:185)
	at pucrs.gcs.cdl.persistence.DbConnection.createTable(DbConnection.java:53)
	at pucrs.gcs.cdl.persistence.DbConnection.open(DbConnection.java:38)
	at pucrs.gcs.cdl.persistence.DbConnection.queryInsert(DbConnection.java:185)
	at pucrs.gcs.cdl.persistence.DbConnection.createTable(DbConnection.java:53)
	at pucrs.gcs.cdl.persistence.DbConnection.open(DbConnection.java:38)
	at pucrs.gcs.cdl.persistence.DbConnection.queryInsert(DbConnection.java:185)
	at pucrs.gcs.cdl.persistence.DbConnection.createTable(DbConnection.java:53)
	at pucrs.gcs.cdl.persistence.DbConnection.open(DbConnection.java:38)
	at pucrs.gcs.cdl.persistence.DbConnection.queryInsert(DbConnection.java:185)
	at pucrs.gcs.cdl.persistence.DbConnection.createTable(DbConnection.java:53)
	at pucrs.gcs.cdl.persistence.DbConnection.open(DbConnection.java:38)
	at pucrs.gcs.cdl.persistence.DbConnection.queryInsert(DbConnection.java:185)
	at pucrs.gcs.cdl.persistence.DbConnection.createTable(DbConnection.java:53)
	at pucrs.gcs.cdl.persistence.DbConnection.open(DbConnection.java:38)
	at pucrs.gcs.cdl.persistence.DbConnection.queryInsert(DbConnection.java:185)
	at pucrs.gcs.cdl.persistence.DbConnection.createTable(DbConnection.java:53)
	at pucrs.gcs.cdl.persistence.DbConnection.open(DbConnection.java:38)
	at pucrs.gcs.cdl.persistence.DbConnection.queryInsert(DbConnection.java:185)
	at pucrs.gcs.cdl.persistence.DbConnection.createTable(DbConnection.java:53)
	at pucrs.gcs.cdl.persistence.DbConnection.open(DbConnection.java:38)
	at pucrs.gcs.cdl.persistence.DbConnection.queryInsert(DbConnection.java:185)
	at pucrs.gcs.cdl.persistence.DbConnection.createTable(DbConnection.java:53)
	at pucrs.gcs.cdl.persistence.DbConnection.open(DbConnection.java:38)
	at pucrs.gcs.cdl.persistence.DbConnection.queryInsert(DbConnection.java:185)
	at pucrs.gcs.cdl.persistence.DbConnection.createTable(DbConnection.java:53)
	at pucrs.gcs.cdl.persistence.DbConnection.open(DbConnection.java:38)
	at pucrs.gcs.cdl.persistence.DbConnection.queryInsert(DbConnection.java:185)
	at pucrs.gcs.cdl.persistence.DbConnection.createTable(DbConnection.java:53)
	at pucrs.gcs.cdl.persistence.DbConnection.open(DbConnection.java:38)
	at pucrs.gcs.cdl.persistence.DbConnection.queryInsert(DbConnection.java:185)
	at pucrs.gcs.cdl.persistence.DbConnection.createTable(DbConnection.java:53)
	at pucrs.gcs.cdl.persistence.DbConnection.open(DbConnection.java:38)
	at pucrs.gcs.cdl.persistence.DbConnection.queryInsert(DbConnection.java:185)
	at pucrs.gcs.cdl.persistence.DbConnection.createTable(DbConnection.java:53)
	at pucrs.gcs.cdl.persistence.DbConnection.open(DbConnection.java:38)
	at pucrs.gcs.cdl.persistence.DbConnection.queryInsert(DbConnection.java:185)
	at pucrs.gcs.cdl.persistence.DbConnection.createTable(DbConnection.java:53)
	at pucrs.gcs.cdl.persistence.DbConnection.open(DbConnection.java:38)
	at pucrs.gcs.cdl.persistence.DbConnection.queryInsert(DbConnection.java:185)
	at pucrs.gcs.cdl.persistence.DbConnection.createTable(DbConnection.java:53)
	at pucrs.gcs.cdl.persistence.DbConnection.open(DbConnection.java:38)
	at pucrs.gcs.cdl.persistence.DbConnection.queryInsert(DbConnection.java:185)
	at pucrs.gcs.cdl.persistence.DbConnection.createTable(DbConnection.java:53)
	at pucrs.gcs.cdl.persistence.DbConnection.open(DbConnection.java:38)
	at pucrs.gcs.cdl.persistence.DbConnection.queryInsert(DbConnection.java:185)
	at pucrs.gcs.cdl.persistence.DbConnection.createTable(DbConnection.java:53)
	at pucrs.gcs.cdl.persistence.DbConnection.open(DbConnection.java:38)
	at pucrs.gcs.cdl.persistence.DbConnection.queryInsert(DbConnection.java:185)
	at pucrs.gcs.cdl.persistence.DbConnection.createTable(DbConnection.java:53)
	at pucrs.gcs.cdl.persistence.DbConnection.open(DbConnection.java:38)
	at pucrs.gcs.cdl.persistence.DbConnection.queryInsert(DbConnection.java:185)
	at pucrs.gcs.cdl.persistence.DbConnection.createTable(DbConnection.java:53)
	at pucrs.gcs.cdl.persistence.DbConnection.open(DbConnection.java:38)
	at pucrs.gcs.cdl.persistence.DbConnection.queryInsert(DbConnection.java:185)
	at pucrs.gcs.cdl.persistence.DbConnection.createTable(DbConnection.java:53)
	at pucrs.gcs.cdl.persistence.DbConnection.open(DbConnection.java:38)
	at pucrs.gcs.cdl.persistence.DbConnection.queryInsert(DbConnection.java:185)
	at pucrs.gcs.cdl.persistence.DbConnection.createTable(DbConnection.java:53)
	at pucrs.gcs.cdl.persistence.DbConnection.open(DbConnection.java:38)
	at pucrs.gcs.cdl.persistence.DbConnection.queryInsert(DbConnection.java:185)
	at pucrs.gcs.cdl.persistence.DbConnection.createTable(DbConnection.java:53)
	at pucrs.gcs.cdl.persistence.DbConnection.open(DbConnection.java:38)
	at pucrs.gcs.cdl.persistence.DbConnection.queryInsert(DbConnection.java:185)
	at pucrs.gcs.cdl.persistence.DbConnection.createTable(DbConnection.java:53)
	at pucrs.gcs.cdl.persistence.DbConnection.open(DbConnection.java:38)
	at pucrs.gcs.cdl.persistence.DbConnection.queryInsert(DbConnection.java:185)
	at pucrs.gcs.cdl.persistence.DbConnection.createTable(DbConnection.java:53)
	at pucrs.gcs.cdl.persistence.DbConnection.open(DbConnection.java:38)
	at pucrs.gcs.cdl.persistence.DbConnection.queryInsert(DbConnection.java:185)
	at pucrs.gcs.cdl.persistence.DbConnection.createTable(DbConnection.java:53)
	at pucrs.gcs.cdl.persistence.DbConnection.open(DbConnection.java:38)
	at pucrs.gcs.cdl.persistence.DbConnection.queryInsert(DbConnection.java:185)

